2023-10-14T21:41:51.577+02:00  INFO 63104 --- [main] com.trodix.casbinserver.CasbinServerApplication : Starting CasbinServerApplication using Java 17.0.5 with PID 63104 (/media/DATA/workspace/DEV/casbin-server/casbin-server-api/target/classes started by sebastien in /media/DATA/workspace/DEV/casbin-server/casbin-server-api)
2023-10-14T21:41:51.578+02:00  INFO 63104 --- [main] com.trodix.casbinserver.CasbinServerApplication : The following 1 profile is active: "dev"
2023-10-14T21:41:52.707+02:00  INFO 63104 --- [main] org.springframework.boot.web.embedded.tomcat.TomcatWebServer : Tomcat initialized with port(s): 7015 (http)
2023-10-14T21:41:52.715+02:00  INFO 63104 --- [main] org.apache.catalina.core.StandardService : Starting service [Tomcat]
2023-10-14T21:41:52.716+02:00  INFO 63104 --- [main] org.apache.catalina.core.StandardEngine : Starting Servlet engine: [Apache Tomcat/10.1.13]
2023-10-14T21:41:52.784+02:00  INFO 63104 --- [main] org.apache.catalina.core.ContainerBase.[Tomcat].[localhost].[/] : Initializing Spring embedded WebApplicationContext
2023-10-14T21:41:52.784+02:00  INFO 63104 --- [main] org.springframework.boot.web.servlet.context.ServletWebServerApplicationContext : Root WebApplicationContext: initialization completed in 1171 ms
2023-10-14T21:41:52.925+02:00  INFO 63104 --- [main] com.zaxxer.hikari.HikariDataSource : HikariPool-1 - Starting...
2023-10-14T21:41:53.150+02:00  INFO 63104 --- [main] com.zaxxer.hikari.pool.HikariPool : HikariPool-1 - Added connection org.postgresql.jdbc.PgConnection@132e3594
2023-10-14T21:41:53.152+02:00  INFO 63104 --- [main] com.zaxxer.hikari.HikariDataSource : HikariPool-1 - Start completed.
2023-10-14T21:41:53.170+02:00  INFO 63104 --- [main] org.casbin.jcasbin : Model:
2023-10-14T21:41:53.171+02:00  INFO 63104 --- [main] org.casbin.jcasbin : p.p: sub, obj, act
2023-10-14T21:41:53.171+02:00  INFO 63104 --- [main] org.casbin.jcasbin : r.r: sub, obj, act
2023-10-14T21:41:53.171+02:00  INFO 63104 --- [main] org.casbin.jcasbin : e.e: some(where (p_eft == allow))
2023-10-14T21:41:53.171+02:00  INFO 63104 --- [main] org.casbin.jcasbin : g.g: _, _
2023-10-14T21:41:53.171+02:00  INFO 63104 --- [main] org.casbin.jcasbin : m.m: g(r_sub, p_sub) && r_obj == p_obj && r_act == p_act
2023-10-14T21:41:53.285+02:00  INFO 63104 --- [main] org.casbin.jcasbin : Policy:
2023-10-14T21:41:53.285+02:00  INFO 63104 --- [main] org.casbin.jcasbin : p: sub, obj, act: [[role:xxx:read, feature:xxx, READ], [role:xxx:write, feature:xxx, WRITE], [role:xxx:delete, feature:xxx, DELETE]]
2023-10-14T21:41:53.285+02:00  INFO 63104 --- [main] org.casbin.jcasbin : g: _, _: [[role:xxx:admin, role:xxx:read], [role:xxx:admin, role:xxx:write], [role:xxx:admin, role:xxx:delete], [role:xxx:editor, role:xxx:read], [role:xxx:editor, role:xxx:write], [role:xxx:viewer, role:xxx:read]]
2023-10-14T21:41:53.286+02:00  INFO 63104 --- [main] org.casbin.jcasbin : Role links for: g
2023-10-14T21:41:53.287+02:00  INFO 63104 --- [main] org.casbin.jcasbin : casbin::default: role:xxx:editor < (role:xxx:write, role:xxx:read), role:xxx:admin < (role:xxx:write, role:xxx:delete, role:xxx:read), role:xxx:viewer < role:xxx:read
2023-10-14T21:41:53.628+02:00  INFO 63104 --- [main] org.springframework.security.web.DefaultSecurityFilterChain : Will secure any request with [org.springframework.security.web.session.DisableEncodeUrlFilter@27261190, org.springframework.security.web.context.request.async.WebAsyncManagerIntegrationFilter@543b0737, org.springframework.security.web.context.SecurityContextHolderFilter@785a4557, org.springframework.security.web.header.HeaderWriterFilter@5d84e363, org.springframework.security.web.csrf.CsrfFilter@38022758, org.springframework.security.web.authentication.logout.LogoutFilter@4e6cbdf1, org.springframework.security.oauth2.client.web.OAuth2AuthorizationRequestRedirectFilter@2c77344f, org.springframework.security.web.savedrequest.RequestCacheAwareFilter@3b5da0b0, org.springframework.security.web.servletapi.SecurityContextHolderAwareRequestFilter@2c9cafa5, org.springframework.security.web.authentication.AnonymousAuthenticationFilter@6e46891d, org.springframework.security.oauth2.client.web.OAuth2AuthorizationCodeGrantFilter@f4f843f, org.springframework.security.web.access.ExceptionTranslationFilter@20027c44]
2023-10-14T21:41:53.903+02:00  INFO 63104 --- [main] org.springframework.security.web.DefaultSecurityFilterChain : Will secure any request with [org.springframework.security.web.session.DisableEncodeUrlFilter@4404a6b, org.springframework.security.web.context.request.async.WebAsyncManagerIntegrationFilter@671da0f9, org.springframework.security.web.context.SecurityContextHolderFilter@6c2883b1, org.springframework.security.web.header.HeaderWriterFilter@43a59289, org.springframework.web.filter.CorsFilter@4d2f9e3c, org.springframework.security.web.authentication.logout.LogoutFilter@5529522f, org.springframework.security.oauth2.client.web.OAuth2AuthorizationRequestRedirectFilter@152e7703, org.springframework.security.oauth2.server.resource.web.authentication.BearerTokenAuthenticationFilter@39a3984c, org.springframework.security.web.savedrequest.RequestCacheAwareFilter@336e3be2, org.springframework.security.web.servletapi.SecurityContextHolderAwareRequestFilter@126a9a3d, org.springframework.security.web.authentication.AnonymousAuthenticationFilter@686b1e2d, org.springframework.security.oauth2.client.web.OAuth2AuthorizationCodeGrantFilter@1b60d324, org.springframework.security.web.access.ExceptionTranslationFilter@213012a0, org.springframework.security.web.access.intercept.AuthorizationFilter@8f4b803]
2023-10-14T21:41:54.220+02:00  INFO 63104 --- [main] org.springframework.boot.web.embedded.tomcat.TomcatWebServer : Tomcat started on port(s): 7015 (http) with context path ''
2023-10-14T21:41:54.228+02:00  INFO 63104 --- [main] com.trodix.casbinserver.CasbinServerApplication : Started CasbinServerApplication in 3.153 seconds (process running for 3.516)
2023-10-14T21:41:54.389+02:00  INFO 63104 --- [http-nio-7015-exec-1] org.apache.catalina.core.ContainerBase.[Tomcat].[localhost].[/] : Initializing Spring DispatcherServlet 'dispatcherServlet'
2023-10-14T21:41:54.390+02:00  INFO 63104 --- [http-nio-7015-exec-1] org.springframework.web.servlet.DispatcherServlet : Initializing Servlet 'dispatcherServlet'
2023-10-14T21:41:54.391+02:00  INFO 63104 --- [http-nio-7015-exec-1] org.springframework.web.servlet.DispatcherServlet : Completed initialization in 1 ms
2023-10-14T21:41:54.623+02:00  INFO 63104 --- [http-nio-7015-exec-1] org.springdoc.api.AbstractOpenApiResource : Init duration for springdoc-openapi is: 190 ms
2023-10-14T21:41:54.694+02:00  INFO 63104 --- [RMI TCP Connection(2)-127.0.0.1] org.springframework.boot.admin.SpringApplicationAdminMXBeanRegistrar$SpringApplicationAdmin : Application shutdown requested.
2023-10-14T21:41:54.697+02:00  INFO 63104 --- [RMI TCP Connection(2)-127.0.0.1] org.apache.catalina.core.StandardService : Stopping service [Tomcat]
2023-10-14T21:41:54.698+02:00  INFO 63104 --- [RMI TCP Connection(2)-127.0.0.1] org.apache.catalina.core.ContainerBase.[Tomcat].[localhost].[/] : Destroying Spring FrameworkServlet 'dispatcherServlet'
2023-10-14T21:41:54.710+02:00  INFO 63104 --- [RMI TCP Connection(2)-127.0.0.1] com.zaxxer.hikari.HikariDataSource : HikariPool-1 - Shutdown initiated...
2023-10-14T21:41:54.712+02:00  INFO 63104 --- [RMI TCP Connection(2)-127.0.0.1] com.zaxxer.hikari.HikariDataSource : HikariPool-1 - Shutdown completed.
2023-10-14T21:53:56.488+02:00  INFO 64833 --- [main] com.trodix.casbinserver.CasbinServerApplication : Starting CasbinServerApplication using Java 17.0.5 with PID 64833 (/media/DATA/workspace/DEV/casbin-server/casbin-server-api/target/classes started by sebastien in /media/DATA/workspace/DEV/casbin-server/casbin-server-api)
2023-10-14T21:53:56.489+02:00  INFO 64833 --- [main] com.trodix.casbinserver.CasbinServerApplication : The following 1 profile is active: "dev"
2023-10-14T21:53:57.516+02:00  INFO 64833 --- [main] org.springframework.boot.web.embedded.tomcat.TomcatWebServer : Tomcat initialized with port(s): 7015 (http)
2023-10-14T21:53:57.524+02:00  INFO 64833 --- [main] org.apache.catalina.core.StandardService : Starting service [Tomcat]
2023-10-14T21:53:57.524+02:00  INFO 64833 --- [main] org.apache.catalina.core.StandardEngine : Starting Servlet engine: [Apache Tomcat/10.1.13]
2023-10-14T21:53:57.606+02:00  INFO 64833 --- [main] org.apache.catalina.core.ContainerBase.[Tomcat].[localhost].[/] : Initializing Spring embedded WebApplicationContext
2023-10-14T21:53:57.607+02:00  INFO 64833 --- [main] org.springframework.boot.web.servlet.context.ServletWebServerApplicationContext : Root WebApplicationContext: initialization completed in 1084 ms
2023-10-14T21:53:57.719+02:00  INFO 64833 --- [main] com.zaxxer.hikari.HikariDataSource : HikariPool-1 - Starting...
2023-10-14T21:53:57.944+02:00  INFO 64833 --- [main] com.zaxxer.hikari.pool.HikariPool : HikariPool-1 - Added connection org.postgresql.jdbc.PgConnection@611d0763
2023-10-14T21:53:57.946+02:00  INFO 64833 --- [main] com.zaxxer.hikari.HikariDataSource : HikariPool-1 - Start completed.
2023-10-14T21:53:57.961+02:00  INFO 64833 --- [main] org.casbin.jcasbin : Model:
2023-10-14T21:53:57.962+02:00  INFO 64833 --- [main] org.casbin.jcasbin : p.p: sub, obj, act
2023-10-14T21:53:57.962+02:00  INFO 64833 --- [main] org.casbin.jcasbin : r.r: sub, obj, act
2023-10-14T21:53:57.962+02:00  INFO 64833 --- [main] org.casbin.jcasbin : e.e: some(where (p_eft == allow))
2023-10-14T21:53:57.962+02:00  INFO 64833 --- [main] org.casbin.jcasbin : g.g: _, _
2023-10-14T21:53:57.962+02:00  INFO 64833 --- [main] org.casbin.jcasbin : m.m: g(r_sub, p_sub) && r_obj == p_obj && r_act == p_act
2023-10-14T21:53:58.076+02:00  INFO 64833 --- [main] org.casbin.jcasbin : Policy:
2023-10-14T21:53:58.077+02:00  INFO 64833 --- [main] org.casbin.jcasbin : p: sub, obj, act: [[role:xxx:read, feature:xxx, READ], [role:xxx:write, feature:xxx, WRITE], [role:xxx:delete, feature:xxx, DELETE]]
2023-10-14T21:53:58.077+02:00  INFO 64833 --- [main] org.casbin.jcasbin : g: _, _: [[role:xxx:admin, role:xxx:read], [role:xxx:admin, role:xxx:write], [role:xxx:admin, role:xxx:delete], [role:xxx:editor, role:xxx:read], [role:xxx:editor, role:xxx:write], [role:xxx:viewer, role:xxx:read]]
2023-10-14T21:53:58.078+02:00  INFO 64833 --- [main] org.casbin.jcasbin : Role links for: g
2023-10-14T21:53:58.079+02:00  INFO 64833 --- [main] org.casbin.jcasbin : casbin::default: role:xxx:editor < (role:xxx:write, role:xxx:read), role:xxx:admin < (role:xxx:write, role:xxx:delete, role:xxx:read), role:xxx:viewer < role:xxx:read
2023-10-14T21:53:58.373+02:00  INFO 64833 --- [main] org.springframework.security.web.DefaultSecurityFilterChain : Will secure any request with [org.springframework.security.web.session.DisableEncodeUrlFilter@41a23470, org.springframework.security.web.context.request.async.WebAsyncManagerIntegrationFilter@30c01c37, org.springframework.security.web.context.SecurityContextHolderFilter@29147c12, org.springframework.security.web.header.HeaderWriterFilter@5ab5924c, org.springframework.security.web.csrf.CsrfFilter@45e11627, org.springframework.security.web.authentication.logout.LogoutFilter@655621fd, org.springframework.security.oauth2.client.web.OAuth2AuthorizationRequestRedirectFilter@577f9dfd, org.springframework.security.web.savedrequest.RequestCacheAwareFilter@33e50ff2, org.springframework.security.web.servletapi.SecurityContextHolderAwareRequestFilter@7ab33ca8, org.springframework.security.web.authentication.AnonymousAuthenticationFilter@39a7eca5, org.springframework.security.oauth2.client.web.OAuth2AuthorizationCodeGrantFilter@3c09a350, org.springframework.security.web.access.ExceptionTranslationFilter@26a45089]
2023-10-14T21:53:58.607+02:00  INFO 64833 --- [main] org.springframework.security.web.DefaultSecurityFilterChain : Will secure any request with [org.springframework.security.web.session.DisableEncodeUrlFilter@6181bc4a, org.springframework.security.web.context.request.async.WebAsyncManagerIntegrationFilter@70485aa, org.springframework.security.web.context.SecurityContextHolderFilter@645ba24a, org.springframework.security.web.header.HeaderWriterFilter@3d8d52be, org.springframework.web.filter.CorsFilter@4bf8b77, org.springframework.security.web.authentication.logout.LogoutFilter@536da29c, org.springframework.security.oauth2.client.web.OAuth2AuthorizationRequestRedirectFilter@2c2a7d53, org.springframework.security.oauth2.server.resource.web.authentication.BearerTokenAuthenticationFilter@19d27c27, org.springframework.security.web.savedrequest.RequestCacheAwareFilter@5f6a8efe, org.springframework.security.web.servletapi.SecurityContextHolderAwareRequestFilter@3dd2b9c1, org.springframework.security.web.authentication.AnonymousAuthenticationFilter@e06ec83, org.springframework.security.oauth2.client.web.OAuth2AuthorizationCodeGrantFilter@46524ebe, org.springframework.security.web.access.ExceptionTranslationFilter@3c6bd624, org.springframework.security.web.access.intercept.AuthorizationFilter@5a82bc58]
2023-10-14T21:53:58.896+02:00  INFO 64833 --- [main] org.springframework.boot.web.embedded.tomcat.TomcatWebServer : Tomcat started on port(s): 7015 (http) with context path ''
2023-10-14T21:53:58.905+02:00  INFO 64833 --- [main] com.trodix.casbinserver.CasbinServerApplication : Started CasbinServerApplication in 2.848 seconds (process running for 3.096)
2023-10-14T21:54:06.029+02:00  INFO 64833 --- [SpringApplicationShutdownHook] com.zaxxer.hikari.HikariDataSource : HikariPool-1 - Shutdown initiated...
2023-10-14T21:54:06.035+02:00  INFO 64833 --- [SpringApplicationShutdownHook] com.zaxxer.hikari.HikariDataSource : HikariPool-1 - Shutdown completed.
2023-10-14T21:54:44.768+02:00  INFO 65087 --- [main] com.trodix.casbinserver.CasbinServerApplication : Starting CasbinServerApplication using Java 17.0.5 with PID 65087 (/media/DATA/workspace/DEV/casbin-server/casbin-server-api/target/classes started by sebastien in /media/DATA/workspace/DEV/casbin-server/casbin-server-api)
2023-10-14T21:54:44.770+02:00  INFO 65087 --- [main] com.trodix.casbinserver.CasbinServerApplication : The following 1 profile is active: "dev"
2023-10-14T21:54:45.810+02:00  INFO 65087 --- [main] org.springframework.boot.web.embedded.tomcat.TomcatWebServer : Tomcat initialized with port(s): 7015 (http)
2023-10-14T21:54:45.818+02:00  INFO 65087 --- [main] org.apache.catalina.core.StandardService : Starting service [Tomcat]
2023-10-14T21:54:45.818+02:00  INFO 65087 --- [main] org.apache.catalina.core.StandardEngine : Starting Servlet engine: [Apache Tomcat/10.1.13]
2023-10-14T21:54:45.896+02:00  INFO 65087 --- [main] org.apache.catalina.core.ContainerBase.[Tomcat].[localhost].[/] : Initializing Spring embedded WebApplicationContext
2023-10-14T21:54:45.896+02:00  INFO 65087 --- [main] org.springframework.boot.web.servlet.context.ServletWebServerApplicationContext : Root WebApplicationContext: initialization completed in 1090 ms
2023-10-14T21:54:46.008+02:00  INFO 65087 --- [main] com.zaxxer.hikari.HikariDataSource : HikariPool-1 - Starting...
2023-10-14T21:54:46.221+02:00  INFO 65087 --- [main] com.zaxxer.hikari.pool.HikariPool : HikariPool-1 - Added connection org.postgresql.jdbc.PgConnection@611d0763
2023-10-14T21:54:46.223+02:00  INFO 65087 --- [main] com.zaxxer.hikari.HikariDataSource : HikariPool-1 - Start completed.
2023-10-14T21:54:46.238+02:00  INFO 65087 --- [main] org.casbin.jcasbin : Model:
2023-10-14T21:54:46.239+02:00  INFO 65087 --- [main] org.casbin.jcasbin : p.p: sub, obj, act
2023-10-14T21:54:46.239+02:00  INFO 65087 --- [main] org.casbin.jcasbin : r.r: sub, obj, act
2023-10-14T21:54:46.239+02:00  INFO 65087 --- [main] org.casbin.jcasbin : e.e: some(where (p_eft == allow))
2023-10-14T21:54:46.239+02:00  INFO 65087 --- [main] org.casbin.jcasbin : g.g: _, _
2023-10-14T21:54:46.239+02:00  INFO 65087 --- [main] org.casbin.jcasbin : m.m: g(r_sub, p_sub) && r_obj == p_obj && r_act == p_act
2023-10-14T21:54:46.348+02:00  INFO 65087 --- [main] org.casbin.jcasbin : Policy:
2023-10-14T21:54:46.348+02:00  INFO 65087 --- [main] org.casbin.jcasbin : p: sub, obj, act: [[role:xxx:read, feature:xxx, READ], [role:xxx:write, feature:xxx, WRITE], [role:xxx:delete, feature:xxx, DELETE]]
2023-10-14T21:54:46.348+02:00  INFO 65087 --- [main] org.casbin.jcasbin : g: _, _: [[role:xxx:admin, role:xxx:read], [role:xxx:admin, role:xxx:write], [role:xxx:admin, role:xxx:delete], [role:xxx:editor, role:xxx:read], [role:xxx:editor, role:xxx:write], [role:xxx:viewer, role:xxx:read]]
2023-10-14T21:54:46.349+02:00  INFO 65087 --- [main] org.casbin.jcasbin : Role links for: g
2023-10-14T21:54:46.350+02:00  INFO 65087 --- [main] org.casbin.jcasbin : casbin::default: role:xxx:editor < (role:xxx:write, role:xxx:read), role:xxx:admin < (role:xxx:write, role:xxx:delete, role:xxx:read), role:xxx:viewer < role:xxx:read
2023-10-14T21:54:46.652+02:00  INFO 65087 --- [main] org.springframework.security.web.DefaultSecurityFilterChain : Will secure any request with [org.springframework.security.web.session.DisableEncodeUrlFilter@41a23470, org.springframework.security.web.context.request.async.WebAsyncManagerIntegrationFilter@30c01c37, org.springframework.security.web.context.SecurityContextHolderFilter@29147c12, org.springframework.security.web.header.HeaderWriterFilter@5ab5924c, org.springframework.security.web.csrf.CsrfFilter@45e11627, org.springframework.security.web.authentication.logout.LogoutFilter@655621fd, org.springframework.security.oauth2.client.web.OAuth2AuthorizationRequestRedirectFilter@577f9dfd, org.springframework.security.web.savedrequest.RequestCacheAwareFilter@33e50ff2, org.springframework.security.web.servletapi.SecurityContextHolderAwareRequestFilter@7ab33ca8, org.springframework.security.web.authentication.AnonymousAuthenticationFilter@39a7eca5, org.springframework.security.oauth2.client.web.OAuth2AuthorizationCodeGrantFilter@3c09a350, org.springframework.security.web.access.ExceptionTranslationFilter@26a45089]
2023-10-14T21:54:46.873+02:00  INFO 65087 --- [main] org.springframework.security.web.DefaultSecurityFilterChain : Will secure any request with [org.springframework.security.web.session.DisableEncodeUrlFilter@6181bc4a, org.springframework.security.web.context.request.async.WebAsyncManagerIntegrationFilter@70485aa, org.springframework.security.web.context.SecurityContextHolderFilter@645ba24a, org.springframework.security.web.header.HeaderWriterFilter@3d8d52be, org.springframework.web.filter.CorsFilter@4bf8b77, org.springframework.security.web.authentication.logout.LogoutFilter@536da29c, org.springframework.security.oauth2.client.web.OAuth2AuthorizationRequestRedirectFilter@2c2a7d53, org.springframework.security.oauth2.server.resource.web.authentication.BearerTokenAuthenticationFilter@19d27c27, org.springframework.security.web.savedrequest.RequestCacheAwareFilter@5f6a8efe, org.springframework.security.web.servletapi.SecurityContextHolderAwareRequestFilter@3dd2b9c1, org.springframework.security.web.authentication.AnonymousAuthenticationFilter@e06ec83, org.springframework.security.oauth2.client.web.OAuth2AuthorizationCodeGrantFilter@46524ebe, org.springframework.security.web.access.ExceptionTranslationFilter@3c6bd624, org.springframework.security.web.access.intercept.AuthorizationFilter@5a82bc58]
2023-10-14T21:54:47.148+02:00  INFO 65087 --- [main] org.springframework.boot.web.embedded.tomcat.TomcatWebServer : Tomcat started on port(s): 7015 (http) with context path ''
2023-10-14T21:54:47.158+02:00  INFO 65087 --- [main] com.trodix.casbinserver.CasbinServerApplication : Started CasbinServerApplication in 2.839 seconds (process running for 3.055)
2023-10-14T22:01:19.961+02:00  INFO 65087 --- [SpringApplicationShutdownHook] com.zaxxer.hikari.HikariDataSource : HikariPool-1 - Shutdown initiated...
2023-10-14T22:01:19.964+02:00  INFO 65087 --- [SpringApplicationShutdownHook] com.zaxxer.hikari.HikariDataSource : HikariPool-1 - Shutdown completed.
2023-10-14T22:12:32.668+02:00  INFO 67364 --- [main] com.trodix.casbinserver.CasbinServerApplication : Starting CasbinServerApplication using Java 17.0.5 with PID 67364 (/media/DATA/workspace/DEV/casbin-server/casbin-server-api/target/classes started by sebastien in /media/DATA/workspace/DEV/casbin-server/casbin-server-api)
2023-10-14T22:12:32.669+02:00  INFO 67364 --- [main] com.trodix.casbinserver.CasbinServerApplication : The following 1 profile is active: "dev"
2023-10-14T22:12:33.707+02:00  INFO 67364 --- [main] org.springframework.boot.web.embedded.tomcat.TomcatWebServer : Tomcat initialized with port(s): 7015 (http)
2023-10-14T22:12:33.715+02:00  INFO 67364 --- [main] org.apache.catalina.core.StandardService : Starting service [Tomcat]
2023-10-14T22:12:33.716+02:00  INFO 67364 --- [main] org.apache.catalina.core.StandardEngine : Starting Servlet engine: [Apache Tomcat/10.1.13]
2023-10-14T22:12:33.789+02:00  INFO 67364 --- [main] org.apache.catalina.core.ContainerBase.[Tomcat].[localhost].[/] : Initializing Spring embedded WebApplicationContext
2023-10-14T22:12:33.789+02:00  INFO 67364 --- [main] org.springframework.boot.web.servlet.context.ServletWebServerApplicationContext : Root WebApplicationContext: initialization completed in 1085 ms
2023-10-14T22:12:33.900+02:00  INFO 67364 --- [main] com.zaxxer.hikari.HikariDataSource : HikariPool-1 - Starting...
2023-10-14T22:12:34.117+02:00  INFO 67364 --- [main] com.zaxxer.hikari.pool.HikariPool : HikariPool-1 - Added connection org.postgresql.jdbc.PgConnection@6d69a0d3
2023-10-14T22:12:34.118+02:00  INFO 67364 --- [main] com.zaxxer.hikari.HikariDataSource : HikariPool-1 - Start completed.
2023-10-14T22:12:34.133+02:00  INFO 67364 --- [main] org.casbin.jcasbin : Model:
2023-10-14T22:12:34.133+02:00  INFO 67364 --- [main] org.casbin.jcasbin : p.p: sub, obj, act
2023-10-14T22:12:34.133+02:00  INFO 67364 --- [main] org.casbin.jcasbin : r.r: sub, obj, act
2023-10-14T22:12:34.133+02:00  INFO 67364 --- [main] org.casbin.jcasbin : e.e: some(where (p_eft == allow))
2023-10-14T22:12:34.134+02:00  INFO 67364 --- [main] org.casbin.jcasbin : g.g: _, _
2023-10-14T22:12:34.134+02:00  INFO 67364 --- [main] org.casbin.jcasbin : m.m: g(r_sub, p_sub) && r_obj == p_obj && r_act == p_act
2023-10-14T22:12:34.241+02:00  INFO 67364 --- [main] org.casbin.jcasbin : Policy:
2023-10-14T22:12:34.241+02:00  INFO 67364 --- [main] org.casbin.jcasbin : p: sub, obj, act: [[role:xxx:read, feature:xxx, READ], [role:xxx:write, feature:xxx, WRITE], [role:xxx:delete, feature:xxx, DELETE]]
2023-10-14T22:12:34.241+02:00  INFO 67364 --- [main] org.casbin.jcasbin : g: _, _: [[role:xxx:admin, role:xxx:read], [role:xxx:admin, role:xxx:write], [role:xxx:admin, role:xxx:delete], [role:xxx:editor, role:xxx:read], [role:xxx:editor, role:xxx:write], [role:xxx:viewer, role:xxx:read]]
2023-10-14T22:12:34.242+02:00  INFO 67364 --- [main] org.casbin.jcasbin : Role links for: g
2023-10-14T22:12:34.243+02:00  INFO 67364 --- [main] org.casbin.jcasbin : casbin::default: role:xxx:editor < (role:xxx:write, role:xxx:read), role:xxx:admin < (role:xxx:write, role:xxx:delete, role:xxx:read), role:xxx:viewer < role:xxx:read
2023-10-14T22:12:34.529+02:00  INFO 67364 --- [main] org.springframework.security.web.DefaultSecurityFilterChain : Will secure any request with [org.springframework.security.web.session.DisableEncodeUrlFilter@520a95ff, org.springframework.security.web.context.request.async.WebAsyncManagerIntegrationFilter@30afb481, org.springframework.security.web.context.SecurityContextHolderFilter@7b451bf4, org.springframework.security.web.header.HeaderWriterFilter@5b3518e1, org.springframework.security.web.csrf.CsrfFilter@1c2dd89b, org.springframework.security.web.authentication.logout.LogoutFilter@32e697ac, org.springframework.security.oauth2.client.web.OAuth2AuthorizationRequestRedirectFilter@595814a1, org.springframework.security.web.savedrequest.RequestCacheAwareFilter@5b665a30, org.springframework.security.web.servletapi.SecurityContextHolderAwareRequestFilter@26a45089, org.springframework.security.web.authentication.AnonymousAuthenticationFilter@5c573229, org.springframework.security.oauth2.client.web.OAuth2AuthorizationCodeGrantFilter@696174d3, org.springframework.security.web.access.ExceptionTranslationFilter@74d22ddd]
2023-10-14T22:12:34.763+02:00  INFO 67364 --- [main] org.springframework.security.web.DefaultSecurityFilterChain : Will secure any request with [org.springframework.security.web.session.DisableEncodeUrlFilter@15f519f7, org.springframework.security.web.context.request.async.WebAsyncManagerIntegrationFilter@4a336377, org.springframework.security.web.context.SecurityContextHolderFilter@542ff147, org.springframework.security.web.header.HeaderWriterFilter@f10d055, org.springframework.web.filter.CorsFilter@65af05b2, org.springframework.security.web.authentication.logout.LogoutFilter@298e002d, org.springframework.security.oauth2.client.web.OAuth2AuthorizationRequestRedirectFilter@6a1d1467, org.springframework.security.oauth2.server.resource.web.authentication.BearerTokenAuthenticationFilter@6c830ebd, org.springframework.security.web.savedrequest.RequestCacheAwareFilter@2d801d8, org.springframework.security.web.servletapi.SecurityContextHolderAwareRequestFilter@b9b97ad, org.springframework.security.web.authentication.AnonymousAuthenticationFilter@11ad095c, org.springframework.security.oauth2.client.web.OAuth2AuthorizationCodeGrantFilter@536da29c, org.springframework.security.web.access.ExceptionTranslationFilter@632d4cf2, org.springframework.security.web.access.intercept.AuthorizationFilter@2c2a7d53]
2023-10-14T22:12:35.040+02:00  INFO 67364 --- [main] org.springframework.boot.web.embedded.tomcat.TomcatWebServer : Tomcat started on port(s): 7015 (http) with context path ''
2023-10-14T22:12:35.048+02:00  INFO 67364 --- [main] com.trodix.casbinserver.CasbinServerApplication : Started CasbinServerApplication in 2.898 seconds (process running for 3.113)
2023-10-14T22:12:51.305+02:00  INFO 67364 --- [SpringApplicationShutdownHook] com.zaxxer.hikari.HikariDataSource : HikariPool-1 - Shutdown initiated...
2023-10-14T22:12:51.309+02:00  INFO 67364 --- [SpringApplicationShutdownHook] com.zaxxer.hikari.HikariDataSource : HikariPool-1 - Shutdown completed.
2023-10-14T22:13:09.785+02:00  INFO 67629 --- [main] com.trodix.casbinserver.CasbinServerApplication : Starting CasbinServerApplication using Java 17.0.5 with PID 67629 (/media/DATA/workspace/DEV/casbin-server/casbin-server-api/target/classes started by sebastien in /media/DATA/workspace/DEV/casbin-server/casbin-server-api)
2023-10-14T22:13:09.786+02:00  INFO 67629 --- [main] com.trodix.casbinserver.CasbinServerApplication : The following 1 profile is active: "dev"
2023-10-14T22:13:10.783+02:00  INFO 67629 --- [main] org.springframework.boot.web.embedded.tomcat.TomcatWebServer : Tomcat initialized with port(s): 7015 (http)
2023-10-14T22:13:10.791+02:00  INFO 67629 --- [main] org.apache.catalina.core.StandardService : Starting service [Tomcat]
2023-10-14T22:13:10.791+02:00  INFO 67629 --- [main] org.apache.catalina.core.StandardEngine : Starting Servlet engine: [Apache Tomcat/10.1.13]
2023-10-14T22:13:10.856+02:00  INFO 67629 --- [main] org.apache.catalina.core.ContainerBase.[Tomcat].[localhost].[/] : Initializing Spring embedded WebApplicationContext
2023-10-14T22:13:10.857+02:00  INFO 67629 --- [main] org.springframework.boot.web.servlet.context.ServletWebServerApplicationContext : Root WebApplicationContext: initialization completed in 1032 ms
2023-10-14T22:13:10.972+02:00  INFO 67629 --- [main] com.zaxxer.hikari.HikariDataSource : HikariPool-1 - Starting...
2023-10-14T22:13:11.186+02:00  INFO 67629 --- [main] com.zaxxer.hikari.pool.HikariPool : HikariPool-1 - Added connection org.postgresql.jdbc.PgConnection@391d1e33
2023-10-14T22:13:11.188+02:00  INFO 67629 --- [main] com.zaxxer.hikari.HikariDataSource : HikariPool-1 - Start completed.
2023-10-14T22:13:11.203+02:00  INFO 67629 --- [main] org.casbin.jcasbin : Model:
2023-10-14T22:13:11.203+02:00  INFO 67629 --- [main] org.casbin.jcasbin : p.p: sub, obj, act
2023-10-14T22:13:11.203+02:00  INFO 67629 --- [main] org.casbin.jcasbin : r.r: sub, obj, act
2023-10-14T22:13:11.204+02:00  INFO 67629 --- [main] org.casbin.jcasbin : e.e: some(where (p_eft == allow))
2023-10-14T22:13:11.204+02:00  INFO 67629 --- [main] org.casbin.jcasbin : g.g: _, _
2023-10-14T22:13:11.204+02:00  INFO 67629 --- [main] org.casbin.jcasbin : m.m: g(r_sub, p_sub) && r_obj == p_obj && r_act == p_act
2023-10-14T22:13:11.312+02:00  INFO 67629 --- [main] org.casbin.jcasbin : Policy:
2023-10-14T22:13:11.312+02:00  INFO 67629 --- [main] org.casbin.jcasbin : p: sub, obj, act: [[role:xxx:read, feature:xxx, READ], [role:xxx:write, feature:xxx, WRITE], [role:xxx:delete, feature:xxx, DELETE]]
2023-10-14T22:13:11.312+02:00  INFO 67629 --- [main] org.casbin.jcasbin : g: _, _: [[role:xxx:admin, role:xxx:read], [role:xxx:admin, role:xxx:write], [role:xxx:admin, role:xxx:delete], [role:xxx:editor, role:xxx:read], [role:xxx:editor, role:xxx:write], [role:xxx:viewer, role:xxx:read]]
2023-10-14T22:13:11.313+02:00  INFO 67629 --- [main] org.casbin.jcasbin : Role links for: g
2023-10-14T22:13:11.314+02:00  INFO 67629 --- [main] org.casbin.jcasbin : casbin::default: role:xxx:editor < (role:xxx:write, role:xxx:read), role:xxx:admin < (role:xxx:write, role:xxx:delete, role:xxx:read), role:xxx:viewer < role:xxx:read
2023-10-14T22:13:11.601+02:00  INFO 67629 --- [main] org.springframework.security.web.DefaultSecurityFilterChain : Will secure any request with [org.springframework.security.web.session.DisableEncodeUrlFilter@1209a0f, org.springframework.security.web.context.request.async.WebAsyncManagerIntegrationFilter@696174d3, org.springframework.security.web.context.SecurityContextHolderFilter@283d3628, org.springframework.security.web.header.HeaderWriterFilter@2e7bb00e, org.springframework.security.web.csrf.CsrfFilter@2b395581, org.springframework.security.web.authentication.logout.LogoutFilter@45796b2a, org.springframework.security.oauth2.client.web.OAuth2AuthorizationRequestRedirectFilter@56b9d43f, org.springframework.security.web.savedrequest.RequestCacheAwareFilter@5fd18419, org.springframework.security.web.servletapi.SecurityContextHolderAwareRequestFilter@3a88f6fb, org.springframework.security.web.authentication.AnonymousAuthenticationFilter@66715ca9, org.springframework.security.oauth2.client.web.OAuth2AuthorizationCodeGrantFilter@49d42faf, org.springframework.security.web.access.ExceptionTranslationFilter@5c8ab9de]
2023-10-14T22:13:11.820+02:00  INFO 67629 --- [main] org.springframework.security.web.DefaultSecurityFilterChain : Will secure any request with [org.springframework.security.web.session.DisableEncodeUrlFilter@52657d5f, org.springframework.security.web.context.request.async.WebAsyncManagerIntegrationFilter@43d3995f, org.springframework.security.web.context.SecurityContextHolderFilter@70c56434, org.springframework.security.web.header.HeaderWriterFilter@2299d903, org.springframework.web.filter.CorsFilter@2211b44f, org.springframework.security.web.authentication.logout.LogoutFilter@542ff147, org.springframework.security.oauth2.client.web.OAuth2AuthorizationRequestRedirectFilter@3d8d52be, org.springframework.security.oauth2.server.resource.web.authentication.BearerTokenAuthenticationFilter@1dca62c2, org.springframework.security.web.savedrequest.RequestCacheAwareFilter@2c3f43d1, org.springframework.security.web.servletapi.SecurityContextHolderAwareRequestFilter@632d4cf2, org.springframework.security.web.authentication.AnonymousAuthenticationFilter@6c830ebd, org.springframework.security.oauth2.client.web.OAuth2AuthorizationCodeGrantFilter@645ba24a, org.springframework.security.web.access.ExceptionTranslationFilter@5922cff3, org.springframework.security.web.access.intercept.AuthorizationFilter@72f3f14c]
2023-10-14T22:13:12.094+02:00  INFO 67629 --- [main] org.springframework.boot.web.embedded.tomcat.TomcatWebServer : Tomcat started on port(s): 7015 (http) with context path ''
2023-10-14T22:13:12.102+02:00  INFO 67629 --- [main] com.trodix.casbinserver.CasbinServerApplication : Started CasbinServerApplication in 2.792 seconds (process running for 3.0)
2023-10-14T22:17:22.936+02:00  INFO 67629 --- [SpringApplicationShutdownHook] com.zaxxer.hikari.HikariDataSource : HikariPool-1 - Shutdown initiated...
2023-10-14T22:17:22.943+02:00  INFO 67629 --- [SpringApplicationShutdownHook] com.zaxxer.hikari.HikariDataSource : HikariPool-1 - Shutdown completed.
2023-10-14T22:17:30.794+02:00  INFO 68095 --- [main] com.trodix.casbinserver.CasbinServerApplication : Starting CasbinServerApplication using Java 17.0.5 with PID 68095 (/media/DATA/workspace/DEV/casbin-server/casbin-server-api/target/classes started by sebastien in /media/DATA/workspace/DEV/casbin-server/casbin-server-api)
2023-10-14T22:17:30.795+02:00  INFO 68095 --- [main] com.trodix.casbinserver.CasbinServerApplication : The following 1 profile is active: "dev"
2023-10-14T22:17:31.830+02:00  INFO 68095 --- [main] org.springframework.boot.web.embedded.tomcat.TomcatWebServer : Tomcat initialized with port(s): 7015 (http)
2023-10-14T22:17:31.838+02:00  INFO 68095 --- [main] org.apache.catalina.core.StandardService : Starting service [Tomcat]
2023-10-14T22:17:31.839+02:00  INFO 68095 --- [main] org.apache.catalina.core.StandardEngine : Starting Servlet engine: [Apache Tomcat/10.1.13]
2023-10-14T22:17:31.911+02:00  INFO 68095 --- [main] org.apache.catalina.core.ContainerBase.[Tomcat].[localhost].[/] : Initializing Spring embedded WebApplicationContext
2023-10-14T22:17:31.911+02:00  INFO 68095 --- [main] org.springframework.boot.web.servlet.context.ServletWebServerApplicationContext : Root WebApplicationContext: initialization completed in 1081 ms
2023-10-14T22:17:32.022+02:00  INFO 68095 --- [main] com.zaxxer.hikari.HikariDataSource : HikariPool-1 - Starting...
2023-10-14T22:17:32.238+02:00  INFO 68095 --- [main] com.zaxxer.hikari.pool.HikariPool : HikariPool-1 - Added connection org.postgresql.jdbc.PgConnection@76216830
2023-10-14T22:17:32.239+02:00  INFO 68095 --- [main] com.zaxxer.hikari.HikariDataSource : HikariPool-1 - Start completed.
2023-10-14T22:17:32.254+02:00  INFO 68095 --- [main] org.casbin.jcasbin : Model:
2023-10-14T22:17:32.254+02:00  INFO 68095 --- [main] org.casbin.jcasbin : p.p: sub, obj, act
2023-10-14T22:17:32.254+02:00  INFO 68095 --- [main] org.casbin.jcasbin : r.r: sub, obj, act
2023-10-14T22:17:32.254+02:00  INFO 68095 --- [main] org.casbin.jcasbin : e.e: some(where (p_eft == allow))
2023-10-14T22:17:32.254+02:00  INFO 68095 --- [main] org.casbin.jcasbin : g.g: _, _
2023-10-14T22:17:32.254+02:00  INFO 68095 --- [main] org.casbin.jcasbin : m.m: g(r_sub, p_sub) && r_obj == p_obj && r_act == p_act
2023-10-14T22:17:32.364+02:00  INFO 68095 --- [main] org.casbin.jcasbin : Policy:
2023-10-14T22:17:32.365+02:00  INFO 68095 --- [main] org.casbin.jcasbin : p: sub, obj, act: [[role:xxx:read, feature:xxx, READ], [role:xxx:write, feature:xxx, WRITE], [role:xxx:delete, feature:xxx, DELETE]]
2023-10-14T22:17:32.365+02:00  INFO 68095 --- [main] org.casbin.jcasbin : g: _, _: [[role:xxx:admin, role:xxx:read], [role:xxx:admin, role:xxx:write], [role:xxx:admin, role:xxx:delete], [role:xxx:editor, role:xxx:read], [role:xxx:editor, role:xxx:write], [role:xxx:viewer, role:xxx:read]]
2023-10-14T22:17:32.366+02:00  INFO 68095 --- [main] org.casbin.jcasbin : Role links for: g
2023-10-14T22:17:32.366+02:00  INFO 68095 --- [main] org.casbin.jcasbin : casbin::default: role:xxx:editor < (role:xxx:write, role:xxx:read), role:xxx:admin < (role:xxx:write, role:xxx:delete, role:xxx:read), role:xxx:viewer < role:xxx:read
2023-10-14T22:17:32.658+02:00  INFO 68095 --- [main] org.springframework.security.web.DefaultSecurityFilterChain : Will secure any request with [org.springframework.security.web.session.DisableEncodeUrlFilter@41582899, org.springframework.security.web.context.request.async.WebAsyncManagerIntegrationFilter@595814a1, org.springframework.security.web.context.SecurityContextHolderFilter@2f1f9515, org.springframework.security.web.header.HeaderWriterFilter@18dd7767, org.springframework.security.web.csrf.CsrfFilter@16b64a03, org.springframework.security.web.authentication.logout.LogoutFilter@3e8b8f0, org.springframework.security.oauth2.client.web.OAuth2AuthorizationRequestRedirectFilter@6dece1f9, org.springframework.security.web.savedrequest.RequestCacheAwareFilter@57416e49, org.springframework.security.web.servletapi.SecurityContextHolderAwareRequestFilter@2e7bb00e, org.springframework.security.web.authentication.AnonymousAuthenticationFilter@7de5871d, org.springframework.security.oauth2.client.web.OAuth2AuthorizationCodeGrantFilter@56b9d43f, org.springframework.security.web.access.ExceptionTranslationFilter@74eec640]
2023-10-14T22:17:32.892+02:00  INFO 68095 --- [main] org.springframework.security.web.DefaultSecurityFilterChain : Will secure any request with [org.springframework.security.web.session.DisableEncodeUrlFilter@5cbe95b1, org.springframework.security.web.context.request.async.WebAsyncManagerIntegrationFilter@28fa541, org.springframework.security.web.context.SecurityContextHolderFilter@6115846e, org.springframework.security.web.header.HeaderWriterFilter@12aa381f, org.springframework.web.filter.CorsFilter@5a82bc58, org.springframework.security.web.authentication.logout.LogoutFilter@5922cff3, org.springframework.security.oauth2.client.web.OAuth2AuthorizationRequestRedirectFilter@2d801d8, org.springframework.security.oauth2.server.resource.web.authentication.BearerTokenAuthenticationFilter@3c27f72, org.springframework.security.web.savedrequest.RequestCacheAwareFilter@1bec1589, org.springframework.security.web.servletapi.SecurityContextHolderAwareRequestFilter@57f0bfc3, org.springframework.security.web.authentication.AnonymousAuthenticationFilter@4aab7195, org.springframework.security.oauth2.client.web.OAuth2AuthorizationCodeGrantFilter@b9b97ad, org.springframework.security.web.access.ExceptionTranslationFilter@3c9e19de, org.springframework.security.web.access.intercept.AuthorizationFilter@5f6a8efe]
2023-10-14T22:17:33.184+02:00  INFO 68095 --- [main] org.springframework.boot.web.embedded.tomcat.TomcatWebServer : Tomcat started on port(s): 7015 (http) with context path ''
2023-10-14T22:17:33.192+02:00  INFO 68095 --- [main] com.trodix.casbinserver.CasbinServerApplication : Started CasbinServerApplication in 2.9 seconds (process running for 3.131)
2023-10-14T22:22:59.096+02:00  INFO 68095 --- [SpringApplicationShutdownHook] com.zaxxer.hikari.HikariDataSource : HikariPool-1 - Shutdown initiated...
2023-10-14T22:22:59.099+02:00  INFO 68095 --- [SpringApplicationShutdownHook] com.zaxxer.hikari.HikariDataSource : HikariPool-1 - Shutdown completed.
2023-10-14T22:23:06.179+02:00  INFO 68808 --- [main] com.trodix.casbinserver.CasbinServerApplication : Starting CasbinServerApplication using Java 17.0.5 with PID 68808 (/media/DATA/workspace/DEV/casbin-server/casbin-server-api/target/classes started by sebastien in /media/DATA/workspace/DEV/casbin-server/casbin-server-api)
2023-10-14T22:23:06.180+02:00  INFO 68808 --- [main] com.trodix.casbinserver.CasbinServerApplication : The following 1 profile is active: "dev"
2023-10-14T22:23:07.201+02:00  INFO 68808 --- [main] org.springframework.boot.web.embedded.tomcat.TomcatWebServer : Tomcat initialized with port(s): 7015 (http)
2023-10-14T22:23:07.209+02:00  INFO 68808 --- [main] org.apache.catalina.core.StandardService : Starting service [Tomcat]
2023-10-14T22:23:07.210+02:00  INFO 68808 --- [main] org.apache.catalina.core.StandardEngine : Starting Servlet engine: [Apache Tomcat/10.1.13]
2023-10-14T22:23:07.286+02:00  INFO 68808 --- [main] org.apache.catalina.core.ContainerBase.[Tomcat].[localhost].[/] : Initializing Spring embedded WebApplicationContext
2023-10-14T22:23:07.286+02:00  INFO 68808 --- [main] org.springframework.boot.web.servlet.context.ServletWebServerApplicationContext : Root WebApplicationContext: initialization completed in 1071 ms
2023-10-14T22:23:07.400+02:00  INFO 68808 --- [main] com.zaxxer.hikari.HikariDataSource : HikariPool-1 - Starting...
2023-10-14T22:23:07.612+02:00  INFO 68808 --- [main] com.zaxxer.hikari.pool.HikariPool : HikariPool-1 - Added connection org.postgresql.jdbc.PgConnection@3c54ddec
2023-10-14T22:23:07.613+02:00  INFO 68808 --- [main] com.zaxxer.hikari.HikariDataSource : HikariPool-1 - Start completed.
2023-10-14T22:23:07.630+02:00  INFO 68808 --- [main] org.casbin.jcasbin : Model:
2023-10-14T22:23:07.630+02:00  INFO 68808 --- [main] org.casbin.jcasbin : p.p: sub, obj, act
2023-10-14T22:23:07.630+02:00  INFO 68808 --- [main] org.casbin.jcasbin : r.r: sub, obj, act
2023-10-14T22:23:07.630+02:00  INFO 68808 --- [main] org.casbin.jcasbin : e.e: some(where (p_eft == allow))
2023-10-14T22:23:07.631+02:00  INFO 68808 --- [main] org.casbin.jcasbin : g.g: _, _
2023-10-14T22:23:07.631+02:00  INFO 68808 --- [main] org.casbin.jcasbin : m.m: g(r_sub, p_sub) && r_obj == p_obj && r_act == p_act
2023-10-14T22:23:07.740+02:00  INFO 68808 --- [main] org.casbin.jcasbin : Policy:
2023-10-14T22:23:07.740+02:00  INFO 68808 --- [main] org.casbin.jcasbin : p: sub, obj, act: [[role:xxx:read, feature:xxx, READ], [role:xxx:write, feature:xxx, WRITE], [role:xxx:delete, feature:xxx, DELETE]]
2023-10-14T22:23:07.740+02:00  INFO 68808 --- [main] org.casbin.jcasbin : g: _, _: [[role:xxx:admin, role:xxx:read], [role:xxx:admin, role:xxx:write], [role:xxx:admin, role:xxx:delete], [role:xxx:editor, role:xxx:read], [role:xxx:editor, role:xxx:write], [role:xxx:viewer, role:xxx:read]]
2023-10-14T22:23:07.741+02:00  INFO 68808 --- [main] org.casbin.jcasbin : Role links for: g
2023-10-14T22:23:07.742+02:00  INFO 68808 --- [main] org.casbin.jcasbin : casbin::default: role:xxx:editor < (role:xxx:write, role:xxx:read), role:xxx:admin < (role:xxx:write, role:xxx:delete, role:xxx:read), role:xxx:viewer < role:xxx:read
2023-10-14T22:23:08.033+02:00  INFO 68808 --- [main] org.springframework.security.web.DefaultSecurityFilterChain : Will secure any request with [org.springframework.security.web.session.DisableEncodeUrlFilter@577f9dfd, org.springframework.security.web.context.request.async.WebAsyncManagerIntegrationFilter@520a95ff, org.springframework.security.web.context.SecurityContextHolderFilter@3a88f6fb, org.springframework.security.web.header.HeaderWriterFilter@283d3628, org.springframework.security.web.csrf.CsrfFilter@7dd91ffc, org.springframework.security.web.authentication.logout.LogoutFilter@3c488b34, org.springframework.security.oauth2.client.web.OAuth2AuthorizationRequestRedirectFilter@41582899, org.springframework.security.web.savedrequest.RequestCacheAwareFilter@844e66d, org.springframework.security.web.servletapi.SecurityContextHolderAwareRequestFilter@5b665a30, org.springframework.security.web.authentication.AnonymousAuthenticationFilter@30afb481, org.springframework.security.oauth2.client.web.OAuth2AuthorizationCodeGrantFilter@1209a0f, org.springframework.security.web.access.ExceptionTranslationFilter@7d1f3fe9]
2023-10-14T22:23:08.252+02:00  INFO 68808 --- [main] org.springframework.security.web.DefaultSecurityFilterChain : Will secure any request with [org.springframework.security.web.session.DisableEncodeUrlFilter@6c830ebd, org.springframework.security.web.context.request.async.WebAsyncManagerIntegrationFilter@15f519f7, org.springframework.security.web.context.SecurityContextHolderFilter@f10d055, org.springframework.security.web.header.HeaderWriterFilter@632d4cf2, org.springframework.web.filter.CorsFilter@4a336377, org.springframework.security.web.authentication.logout.LogoutFilter@2807cf3, org.springframework.security.oauth2.client.web.OAuth2AuthorizationRequestRedirectFilter@3dd2b9c1, org.springframework.security.oauth2.server.resource.web.authentication.BearerTokenAuthenticationFilter@2211b44f, org.springframework.security.web.savedrequest.RequestCacheAwareFilter@542ff147, org.springframework.security.web.servletapi.SecurityContextHolderAwareRequestFilter@2d801d8, org.springframework.security.web.authentication.AnonymousAuthenticationFilter@65af05b2, org.springframework.security.oauth2.client.web.OAuth2AuthorizationCodeGrantFilter@6a1d1467, org.springframework.security.web.access.ExceptionTranslationFilter@2c3f43d1, org.springframework.security.web.access.intercept.AuthorizationFilter@41be8db9]
2023-10-14T22:23:08.532+02:00  INFO 68808 --- [main] org.springframework.boot.web.embedded.tomcat.TomcatWebServer : Tomcat started on port(s): 7015 (http) with context path ''
2023-10-14T22:23:08.540+02:00  INFO 68808 --- [main] com.trodix.casbinserver.CasbinServerApplication : Started CasbinServerApplication in 2.8 seconds (process running for 3.019)
2023-10-14T22:23:34.121+02:00  INFO 68808 --- [SpringApplicationShutdownHook] com.zaxxer.hikari.HikariDataSource : HikariPool-1 - Shutdown initiated...
2023-10-14T22:23:34.124+02:00  INFO 68808 --- [SpringApplicationShutdownHook] com.zaxxer.hikari.HikariDataSource : HikariPool-1 - Shutdown completed.
2023-10-14T22:42:57.764+02:00  INFO 73054 --- [main] com.trodix.casbinserver.CasbinServerApplication : Starting CasbinServerApplication using Java 17.0.5 with PID 73054 (/media/DATA/workspace/DEV/casbin-server/casbin-server-api/target/classes started by sebastien in /media/DATA/workspace/DEV/casbin-server/casbin-server-api)
2023-10-14T22:42:57.818+02:00  INFO 73054 --- [main] com.trodix.casbinserver.CasbinServerApplication : The following 1 profile is active: "dev"
2023-10-14T22:42:59.018+02:00  INFO 73054 --- [main] org.springframework.boot.web.embedded.tomcat.TomcatWebServer : Tomcat initialized with port(s): 7015 (http)
2023-10-14T22:42:59.026+02:00  INFO 73054 --- [main] org.apache.catalina.core.StandardService : Starting service [Tomcat]
2023-10-14T22:42:59.026+02:00  INFO 73054 --- [main] org.apache.catalina.core.StandardEngine : Starting Servlet engine: [Apache Tomcat/10.1.13]
2023-10-14T22:42:59.103+02:00  INFO 73054 --- [main] org.apache.catalina.core.ContainerBase.[Tomcat].[localhost].[/] : Initializing Spring embedded WebApplicationContext
2023-10-14T22:42:59.103+02:00  INFO 73054 --- [main] org.springframework.boot.web.servlet.context.ServletWebServerApplicationContext : Root WebApplicationContext: initialization completed in 1236 ms
2023-10-14T22:42:59.239+02:00  INFO 73054 --- [main] com.zaxxer.hikari.HikariDataSource : HikariPool-1 - Starting...
2023-10-14T22:42:59.456+02:00  INFO 73054 --- [main] com.zaxxer.hikari.pool.HikariPool : HikariPool-1 - Added connection org.postgresql.jdbc.PgConnection@132e3594
2023-10-14T22:42:59.457+02:00  INFO 73054 --- [main] com.zaxxer.hikari.HikariDataSource : HikariPool-1 - Start completed.
2023-10-14T22:42:59.474+02:00  INFO 73054 --- [main] org.casbin.jcasbin : Model:
2023-10-14T22:42:59.474+02:00  INFO 73054 --- [main] org.casbin.jcasbin : p.p: sub, obj, act
2023-10-14T22:42:59.475+02:00  INFO 73054 --- [main] org.casbin.jcasbin : r.r: sub, obj, act
2023-10-14T22:42:59.475+02:00  INFO 73054 --- [main] org.casbin.jcasbin : e.e: some(where (p_eft == allow))
2023-10-14T22:42:59.475+02:00  INFO 73054 --- [main] org.casbin.jcasbin : g.g: _, _
2023-10-14T22:42:59.475+02:00  INFO 73054 --- [main] org.casbin.jcasbin : m.m: g(r_sub, p_sub) && r_obj == p_obj && r_act == p_act
2023-10-14T22:42:59.594+02:00  INFO 73054 --- [main] org.casbin.jcasbin : Policy:
2023-10-14T22:42:59.594+02:00  INFO 73054 --- [main] org.casbin.jcasbin : p: sub, obj, act: [[role:xxx:read, feature:xxx, READ], [role:xxx:write, feature:xxx, WRITE], [role:xxx:delete, feature:xxx, DELETE]]
2023-10-14T22:42:59.594+02:00  INFO 73054 --- [main] org.casbin.jcasbin : g: _, _: [[role:xxx:admin, role:xxx:read], [role:xxx:admin, role:xxx:write], [role:xxx:admin, role:xxx:delete], [role:xxx:editor, role:xxx:read], [role:xxx:editor, role:xxx:write], [role:xxx:viewer, role:xxx:read]]
2023-10-14T22:42:59.596+02:00  INFO 73054 --- [main] org.casbin.jcasbin : Role links for: g
2023-10-14T22:42:59.597+02:00  INFO 73054 --- [main] org.casbin.jcasbin : casbin::default: role:xxx:editor < (role:xxx:write, role:xxx:read), role:xxx:admin < (role:xxx:write, role:xxx:delete, role:xxx:read), role:xxx:viewer < role:xxx:read
2023-10-14T22:42:59.927+02:00  INFO 73054 --- [main] org.springframework.security.web.DefaultSecurityFilterChain : Will secure any request with [org.springframework.security.web.session.DisableEncodeUrlFilter@27261190, org.springframework.security.web.context.request.async.WebAsyncManagerIntegrationFilter@543b0737, org.springframework.security.web.context.SecurityContextHolderFilter@785a4557, org.springframework.security.web.header.HeaderWriterFilter@5d84e363, org.springframework.security.web.csrf.CsrfFilter@38022758, org.springframework.security.web.authentication.logout.LogoutFilter@4e6cbdf1, org.springframework.security.oauth2.client.web.OAuth2AuthorizationRequestRedirectFilter@2c77344f, org.springframework.security.web.savedrequest.RequestCacheAwareFilter@3b5da0b0, org.springframework.security.web.servletapi.SecurityContextHolderAwareRequestFilter@2c9cafa5, org.springframework.security.web.authentication.AnonymousAuthenticationFilter@6e46891d, org.springframework.security.oauth2.client.web.OAuth2AuthorizationCodeGrantFilter@f4f843f, org.springframework.security.web.access.ExceptionTranslationFilter@20027c44]
2023-10-14T22:43:00.205+02:00  INFO 73054 --- [main] org.springframework.security.web.DefaultSecurityFilterChain : Will secure any request with [org.springframework.security.web.session.DisableEncodeUrlFilter@4404a6b, org.springframework.security.web.context.request.async.WebAsyncManagerIntegrationFilter@671da0f9, org.springframework.security.web.context.SecurityContextHolderFilter@6c2883b1, org.springframework.security.web.header.HeaderWriterFilter@43a59289, org.springframework.web.filter.CorsFilter@4d2f9e3c, org.springframework.security.web.authentication.logout.LogoutFilter@5529522f, org.springframework.security.oauth2.client.web.OAuth2AuthorizationRequestRedirectFilter@152e7703, org.springframework.security.oauth2.server.resource.web.authentication.BearerTokenAuthenticationFilter@39a3984c, org.springframework.security.web.savedrequest.RequestCacheAwareFilter@336e3be2, org.springframework.security.web.servletapi.SecurityContextHolderAwareRequestFilter@126a9a3d, org.springframework.security.web.authentication.AnonymousAuthenticationFilter@686b1e2d, org.springframework.security.oauth2.client.web.OAuth2AuthorizationCodeGrantFilter@1b60d324, org.springframework.security.web.access.ExceptionTranslationFilter@213012a0, org.springframework.security.web.access.intercept.AuthorizationFilter@8f4b803]
2023-10-14T22:43:00.528+02:00  INFO 73054 --- [main] org.springframework.boot.web.embedded.tomcat.TomcatWebServer : Tomcat started on port(s): 7015 (http) with context path ''
2023-10-14T22:43:00.536+02:00  INFO 73054 --- [main] com.trodix.casbinserver.CasbinServerApplication : Started CasbinServerApplication in 3.277 seconds (process running for 3.653)
2023-10-14T22:43:01.051+02:00  INFO 73054 --- [http-nio-7015-exec-1] org.apache.catalina.core.ContainerBase.[Tomcat].[localhost].[/] : Initializing Spring DispatcherServlet 'dispatcherServlet'
2023-10-14T22:43:01.052+02:00  INFO 73054 --- [http-nio-7015-exec-1] org.springframework.web.servlet.DispatcherServlet : Initializing Servlet 'dispatcherServlet'
2023-10-14T22:43:01.053+02:00  INFO 73054 --- [http-nio-7015-exec-1] org.springframework.web.servlet.DispatcherServlet : Completed initialization in 1 ms
2023-10-14T22:43:01.256+02:00  INFO 73054 --- [http-nio-7015-exec-1] org.springdoc.api.AbstractOpenApiResource : Init duration for springdoc-openapi is: 164 ms
2023-10-14T22:43:01.325+02:00  INFO 73054 --- [RMI TCP Connection(2)-127.0.0.1] org.springframework.boot.admin.SpringApplicationAdminMXBeanRegistrar$SpringApplicationAdmin : Application shutdown requested.
2023-10-14T22:43:01.328+02:00  INFO 73054 --- [RMI TCP Connection(2)-127.0.0.1] org.apache.catalina.core.StandardService : Stopping service [Tomcat]
2023-10-14T22:43:01.329+02:00  INFO 73054 --- [RMI TCP Connection(2)-127.0.0.1] org.apache.catalina.core.ContainerBase.[Tomcat].[localhost].[/] : Destroying Spring FrameworkServlet 'dispatcherServlet'
2023-10-14T22:43:01.340+02:00  INFO 73054 --- [RMI TCP Connection(2)-127.0.0.1] com.zaxxer.hikari.HikariDataSource : HikariPool-1 - Shutdown initiated...
2023-10-14T22:43:01.344+02:00  INFO 73054 --- [RMI TCP Connection(2)-127.0.0.1] com.zaxxer.hikari.HikariDataSource : HikariPool-1 - Shutdown completed.
