2023-10-14T14:36:57.280+02:00  INFO 11805 --- [main] com.trodix.casbinserver.CasbinServerApplication : Starting CasbinServerApplication using Java 17.0.5 with PID 11805 (/media/DATA/workspace/DEV/casbin-server/target/classes started by sebastien in /media/DATA/workspace/DEV/casbin-server)
2023-10-14T14:36:57.282+02:00  INFO 11805 --- [main] com.trodix.casbinserver.CasbinServerApplication : The following 1 profile is active: "dev"
2023-10-14T14:36:58.257+02:00  INFO 11805 --- [main] org.springframework.boot.web.embedded.tomcat.TomcatWebServer : Tomcat initialized with port(s): 7015 (http)
2023-10-14T14:36:58.264+02:00  INFO 11805 --- [main] org.apache.catalina.core.StandardService : Starting service [Tomcat]
2023-10-14T14:36:58.264+02:00  INFO 11805 --- [main] org.apache.catalina.core.StandardEngine : Starting Servlet engine: [Apache Tomcat/10.1.13]
2023-10-14T14:36:58.322+02:00  INFO 11805 --- [main] org.apache.catalina.core.ContainerBase.[Tomcat].[localhost].[/] : Initializing Spring embedded WebApplicationContext
2023-10-14T14:36:58.322+02:00  INFO 11805 --- [main] org.springframework.boot.web.servlet.context.ServletWebServerApplicationContext : Root WebApplicationContext: initialization completed in 1006 ms
2023-10-14T14:36:58.702+02:00  INFO 11805 --- [main] org.casbin.spring.boot.autoconfigure.CasbinAutoConfiguration : Casbin is using the data source managed by Spring.
2023-10-14T14:36:58.707+02:00  INFO 11805 --- [main] com.zaxxer.hikari.HikariDataSource : HikariPool-1 - Starting...
2023-10-14T14:36:59.814+02:00 ERROR 11805 --- [main] com.zaxxer.hikari.pool.HikariPool : HikariPool-1 - Exception during pool initialization.

org.postgresql.util.PSQLException: Connection to localhost:5435 refused. Check that the hostname and port are correct and that the postmaster is accepting TCP/IP connections.
	at org.postgresql.core.v3.ConnectionFactoryImpl.openConnectionImpl(ConnectionFactoryImpl.java:342)
	at org.postgresql.core.ConnectionFactory.openConnection(ConnectionFactory.java:54)
	at org.postgresql.jdbc.PgConnection.<init>(PgConnection.java:263)
	at org.postgresql.Driver.makeConnection(Driver.java:443)
	at org.postgresql.Driver.connect(Driver.java:297)
	at com.zaxxer.hikari.util.DriverDataSource.getConnection(DriverDataSource.java:138)
	at com.zaxxer.hikari.pool.PoolBase.newConnection(PoolBase.java:359)
	at com.zaxxer.hikari.pool.PoolBase.newPoolEntry(PoolBase.java:201)
	at com.zaxxer.hikari.pool.HikariPool.createPoolEntry(HikariPool.java:470)
	at com.zaxxer.hikari.pool.HikariPool.checkFailFast(HikariPool.java:561)
	at com.zaxxer.hikari.pool.HikariPool.<init>(HikariPool.java:100)
	at com.zaxxer.hikari.HikariDataSource.getConnection(HikariDataSource.java:112)
	at org.springframework.jdbc.datasource.DataSourceUtils.fetchConnection(DataSourceUtils.java:160)
	at org.springframework.jdbc.datasource.DataSourceUtils.doGetConnection(DataSourceUtils.java:118)
	at org.springframework.jdbc.datasource.DataSourceUtils.getConnection(DataSourceUtils.java:81)
	at org.springframework.jdbc.support.JdbcUtils.extractDatabaseMetaData(JdbcUtils.java:336)
	at org.casbin.spring.boot.autoconfigure.CasbinAutoConfiguration.getDatabaseName(CasbinAutoConfiguration.java:169)
	at org.casbin.spring.boot.autoconfigure.CasbinAutoConfiguration.autoConfigJdbcAdapter(CasbinAutoConfiguration.java:101)
	at org.casbin.spring.boot.autoconfigure.CasbinAutoConfiguration$$SpringCGLIB$$0.CGLIB$autoConfigJdbcAdapter$1(<generated>)
	at org.casbin.spring.boot.autoconfigure.CasbinAutoConfiguration$$SpringCGLIB$$2.invoke(<generated>)
	at org.springframework.cglib.proxy.MethodProxy.invokeSuper(MethodProxy.java:258)
	at org.springframework.context.annotation.ConfigurationClassEnhancer$BeanMethodInterceptor.intercept(ConfigurationClassEnhancer.java:331)
	at org.casbin.spring.boot.autoconfigure.CasbinAutoConfiguration$$SpringCGLIB$$0.autoConfigJdbcAdapter(<generated>)
	at java.base/jdk.internal.reflect.NativeMethodAccessorImpl.invoke0(Native Method)
	at java.base/jdk.internal.reflect.NativeMethodAccessorImpl.invoke(NativeMethodAccessorImpl.java:77)
	at java.base/jdk.internal.reflect.DelegatingMethodAccessorImpl.invoke(DelegatingMethodAccessorImpl.java:43)
	at java.base/java.lang.reflect.Method.invoke(Method.java:568)
	at org.springframework.beans.factory.support.SimpleInstantiationStrategy.instantiate(SimpleInstantiationStrategy.java:139)
	at org.springframework.beans.factory.support.ConstructorResolver.instantiate(ConstructorResolver.java:650)
	at org.springframework.beans.factory.support.ConstructorResolver.instantiateUsingFactoryMethod(ConstructorResolver.java:642)
	at org.springframework.beans.factory.support.AbstractAutowireCapableBeanFactory.instantiateUsingFactoryMethod(AbstractAutowireCapableBeanFactory.java:1332)
	at org.springframework.beans.factory.support.AbstractAutowireCapableBeanFactory.createBeanInstance(AbstractAutowireCapableBeanFactory.java:1162)
	at org.springframework.beans.factory.support.AbstractAutowireCapableBeanFactory.doCreateBean(AbstractAutowireCapableBeanFactory.java:560)
	at org.springframework.beans.factory.support.AbstractAutowireCapableBeanFactory.createBean(AbstractAutowireCapableBeanFactory.java:520)
	at org.springframework.beans.factory.support.AbstractBeanFactory.lambda$doGetBean$0(AbstractBeanFactory.java:325)
	at org.springframework.beans.factory.support.DefaultSingletonBeanRegistry.getSingleton(DefaultSingletonBeanRegistry.java:234)
	at org.springframework.beans.factory.support.AbstractBeanFactory.doGetBean(AbstractBeanFactory.java:323)
	at org.springframework.beans.factory.support.AbstractBeanFactory.getBean(AbstractBeanFactory.java:199)
	at org.springframework.beans.factory.support.DefaultListableBeanFactory.preInstantiateSingletons(DefaultListableBeanFactory.java:973)
	at org.springframework.context.support.AbstractApplicationContext.finishBeanFactoryInitialization(AbstractApplicationContext.java:942)
	at org.springframework.context.support.AbstractApplicationContext.refresh(AbstractApplicationContext.java:608)
	at org.springframework.boot.web.servlet.context.ServletWebServerApplicationContext.refresh(ServletWebServerApplicationContext.java:146)
	at org.springframework.boot.SpringApplication.refresh(SpringApplication.java:737)
	at org.springframework.boot.SpringApplication.refreshContext(SpringApplication.java:439)
	at org.springframework.boot.SpringApplication.run(SpringApplication.java:315)
	at org.springframework.boot.SpringApplication.run(SpringApplication.java:1309)
	at org.springframework.boot.SpringApplication.run(SpringApplication.java:1298)
	at com.trodix.casbinserver.CasbinServerApplication.main(CasbinServerApplication.java:10)
Caused by: java.net.ConnectException: Connexion refusée
	at java.base/sun.nio.ch.Net.pollConnect(Native Method)
	at java.base/sun.nio.ch.Net.pollConnectNow(Net.java:672)
	at java.base/sun.nio.ch.NioSocketImpl.timedFinishConnect(NioSocketImpl.java:542)
	at java.base/sun.nio.ch.NioSocketImpl.connect(NioSocketImpl.java:597)
	at java.base/java.net.SocksSocketImpl.connect(SocksSocketImpl.java:327)
	at java.base/java.net.Socket.connect(Socket.java:633)
	at org.postgresql.core.PGStream.createSocket(PGStream.java:243)
	at org.postgresql.core.PGStream.<init>(PGStream.java:98)
	at org.postgresql.core.v3.ConnectionFactoryImpl.tryConnect(ConnectionFactoryImpl.java:132)
	at org.postgresql.core.v3.ConnectionFactoryImpl.openConnectionImpl(ConnectionFactoryImpl.java:258)
	... 47 common frames omitted

2023-10-14T14:36:59.826+02:00  WARN 11805 --- [main] org.springframework.boot.web.servlet.context.AnnotationConfigServletWebServerApplicationContext : Exception encountered during context initialization - cancelling refresh attempt: org.springframework.beans.factory.BeanCreationException: Error creating bean with name 'autoConfigJdbcAdapter' defined in class path resource [org/casbin/spring/boot/autoconfigure/CasbinAutoConfiguration.class]: Failed to instantiate [org.casbin.jcasbin.persist.Adapter]: Factory method 'autoConfigJdbcAdapter' threw exception with message: Unable to detect database type
2023-10-14T14:36:59.832+02:00  INFO 11805 --- [main] org.apache.catalina.core.StandardService : Stopping service [Tomcat]
2023-10-14T14:36:59.843+02:00  INFO 11805 --- [main] org.springframework.boot.autoconfigure.logging.ConditionEvaluationReportLogger : 

Error starting ApplicationContext. To display the condition evaluation report re-run your application with 'debug' enabled.
2023-10-14T14:36:59.857+02:00 ERROR 11805 --- [main] org.springframework.boot.SpringApplication : Application run failed

org.springframework.beans.factory.BeanCreationException: Error creating bean with name 'autoConfigJdbcAdapter' defined in class path resource [org/casbin/spring/boot/autoconfigure/CasbinAutoConfiguration.class]: Failed to instantiate [org.casbin.jcasbin.persist.Adapter]: Factory method 'autoConfigJdbcAdapter' threw exception with message: Unable to detect database type
	at org.springframework.beans.factory.support.ConstructorResolver.instantiate(ConstructorResolver.java:654)
	at org.springframework.beans.factory.support.ConstructorResolver.instantiateUsingFactoryMethod(ConstructorResolver.java:642)
	at org.springframework.beans.factory.support.AbstractAutowireCapableBeanFactory.instantiateUsingFactoryMethod(AbstractAutowireCapableBeanFactory.java:1332)
	at org.springframework.beans.factory.support.AbstractAutowireCapableBeanFactory.createBeanInstance(AbstractAutowireCapableBeanFactory.java:1162)
	at org.springframework.beans.factory.support.AbstractAutowireCapableBeanFactory.doCreateBean(AbstractAutowireCapableBeanFactory.java:560)
	at org.springframework.beans.factory.support.AbstractAutowireCapableBeanFactory.createBean(AbstractAutowireCapableBeanFactory.java:520)
	at org.springframework.beans.factory.support.AbstractBeanFactory.lambda$doGetBean$0(AbstractBeanFactory.java:325)
	at org.springframework.beans.factory.support.DefaultSingletonBeanRegistry.getSingleton(DefaultSingletonBeanRegistry.java:234)
	at org.springframework.beans.factory.support.AbstractBeanFactory.doGetBean(AbstractBeanFactory.java:323)
	at org.springframework.beans.factory.support.AbstractBeanFactory.getBean(AbstractBeanFactory.java:199)
	at org.springframework.beans.factory.support.DefaultListableBeanFactory.preInstantiateSingletons(DefaultListableBeanFactory.java:973)
	at org.springframework.context.support.AbstractApplicationContext.finishBeanFactoryInitialization(AbstractApplicationContext.java:942)
	at org.springframework.context.support.AbstractApplicationContext.refresh(AbstractApplicationContext.java:608)
	at org.springframework.boot.web.servlet.context.ServletWebServerApplicationContext.refresh(ServletWebServerApplicationContext.java:146)
	at org.springframework.boot.SpringApplication.refresh(SpringApplication.java:737)
	at org.springframework.boot.SpringApplication.refreshContext(SpringApplication.java:439)
	at org.springframework.boot.SpringApplication.run(SpringApplication.java:315)
	at org.springframework.boot.SpringApplication.run(SpringApplication.java:1309)
	at org.springframework.boot.SpringApplication.run(SpringApplication.java:1298)
	at com.trodix.casbinserver.CasbinServerApplication.main(CasbinServerApplication.java:10)
Caused by: org.springframework.beans.BeanInstantiationException: Failed to instantiate [org.casbin.jcasbin.persist.Adapter]: Factory method 'autoConfigJdbcAdapter' threw exception with message: Unable to detect database type
	at org.springframework.beans.factory.support.SimpleInstantiationStrategy.instantiate(SimpleInstantiationStrategy.java:171)
	at org.springframework.beans.factory.support.ConstructorResolver.instantiate(ConstructorResolver.java:650)
	... 19 common frames omitted
Caused by: java.lang.IllegalStateException: Unable to detect database type
	at org.casbin.spring.boot.autoconfigure.CasbinAutoConfiguration.getDatabaseName(CasbinAutoConfiguration.java:178)
	at org.casbin.spring.boot.autoconfigure.CasbinAutoConfiguration.autoConfigJdbcAdapter(CasbinAutoConfiguration.java:101)
	at org.casbin.spring.boot.autoconfigure.CasbinAutoConfiguration$$SpringCGLIB$$0.CGLIB$autoConfigJdbcAdapter$1(<generated>)
	at org.casbin.spring.boot.autoconfigure.CasbinAutoConfiguration$$SpringCGLIB$$2.invoke(<generated>)
	at org.springframework.cglib.proxy.MethodProxy.invokeSuper(MethodProxy.java:258)
	at org.springframework.context.annotation.ConfigurationClassEnhancer$BeanMethodInterceptor.intercept(ConfigurationClassEnhancer.java:331)
	at org.casbin.spring.boot.autoconfigure.CasbinAutoConfiguration$$SpringCGLIB$$0.autoConfigJdbcAdapter(<generated>)
	at java.base/jdk.internal.reflect.NativeMethodAccessorImpl.invoke0(Native Method)
	at java.base/jdk.internal.reflect.NativeMethodAccessorImpl.invoke(NativeMethodAccessorImpl.java:77)
	at java.base/jdk.internal.reflect.DelegatingMethodAccessorImpl.invoke(DelegatingMethodAccessorImpl.java:43)
	at java.base/java.lang.reflect.Method.invoke(Method.java:568)
	at org.springframework.beans.factory.support.SimpleInstantiationStrategy.instantiate(SimpleInstantiationStrategy.java:139)
	... 20 common frames omitted
Caused by: org.springframework.jdbc.support.MetaDataAccessException: Could not get Connection for extracting meta-data
	at org.springframework.jdbc.support.JdbcUtils.extractDatabaseMetaData(JdbcUtils.java:362)
	at org.casbin.spring.boot.autoconfigure.CasbinAutoConfiguration.getDatabaseName(CasbinAutoConfiguration.java:169)
	... 31 common frames omitted
Caused by: org.springframework.jdbc.CannotGetJdbcConnectionException: Failed to obtain JDBC Connection
	at org.springframework.jdbc.datasource.DataSourceUtils.getConnection(DataSourceUtils.java:84)
	at org.springframework.jdbc.support.JdbcUtils.extractDatabaseMetaData(JdbcUtils.java:336)
	... 32 common frames omitted
Caused by: org.postgresql.util.PSQLException: Connection to localhost:5435 refused. Check that the hostname and port are correct and that the postmaster is accepting TCP/IP connections.
	at org.postgresql.core.v3.ConnectionFactoryImpl.openConnectionImpl(ConnectionFactoryImpl.java:342)
	at org.postgresql.core.ConnectionFactory.openConnection(ConnectionFactory.java:54)
	at org.postgresql.jdbc.PgConnection.<init>(PgConnection.java:263)
	at org.postgresql.Driver.makeConnection(Driver.java:443)
	at org.postgresql.Driver.connect(Driver.java:297)
	at com.zaxxer.hikari.util.DriverDataSource.getConnection(DriverDataSource.java:138)
	at com.zaxxer.hikari.pool.PoolBase.newConnection(PoolBase.java:359)
	at com.zaxxer.hikari.pool.PoolBase.newPoolEntry(PoolBase.java:201)
	at com.zaxxer.hikari.pool.HikariPool.createPoolEntry(HikariPool.java:470)
	at com.zaxxer.hikari.pool.HikariPool.checkFailFast(HikariPool.java:561)
	at com.zaxxer.hikari.pool.HikariPool.<init>(HikariPool.java:100)
	at com.zaxxer.hikari.HikariDataSource.getConnection(HikariDataSource.java:112)
	at org.springframework.jdbc.datasource.DataSourceUtils.fetchConnection(DataSourceUtils.java:160)
	at org.springframework.jdbc.datasource.DataSourceUtils.doGetConnection(DataSourceUtils.java:118)
	at org.springframework.jdbc.datasource.DataSourceUtils.getConnection(DataSourceUtils.java:81)
	... 33 common frames omitted
Caused by: java.net.ConnectException: Connexion refusée
	at java.base/sun.nio.ch.Net.pollConnect(Native Method)
	at java.base/sun.nio.ch.Net.pollConnectNow(Net.java:672)
	at java.base/sun.nio.ch.NioSocketImpl.timedFinishConnect(NioSocketImpl.java:542)
	at java.base/sun.nio.ch.NioSocketImpl.connect(NioSocketImpl.java:597)
	at java.base/java.net.SocksSocketImpl.connect(SocksSocketImpl.java:327)
	at java.base/java.net.Socket.connect(Socket.java:633)
	at org.postgresql.core.PGStream.createSocket(PGStream.java:243)
	at org.postgresql.core.PGStream.<init>(PGStream.java:98)
	at org.postgresql.core.v3.ConnectionFactoryImpl.tryConnect(ConnectionFactoryImpl.java:132)
	at org.postgresql.core.v3.ConnectionFactoryImpl.openConnectionImpl(ConnectionFactoryImpl.java:258)
	... 47 common frames omitted

2023-10-14T14:38:13.767+02:00  INFO 12603 --- [main] com.trodix.casbinserver.CasbinServerApplication : Starting CasbinServerApplication using Java 17.0.5 with PID 12603 (/media/DATA/workspace/DEV/casbin-server/target/classes started by sebastien in /media/DATA/workspace/DEV/casbin-server)
2023-10-14T14:38:13.769+02:00  INFO 12603 --- [main] com.trodix.casbinserver.CasbinServerApplication : The following 1 profile is active: "dev"
2023-10-14T14:38:14.768+02:00  INFO 12603 --- [main] org.springframework.boot.web.embedded.tomcat.TomcatWebServer : Tomcat initialized with port(s): 7015 (http)
2023-10-14T14:38:14.776+02:00  INFO 12603 --- [main] org.apache.catalina.core.StandardService : Starting service [Tomcat]
2023-10-14T14:38:14.776+02:00  INFO 12603 --- [main] org.apache.catalina.core.StandardEngine : Starting Servlet engine: [Apache Tomcat/10.1.13]
2023-10-14T14:38:14.833+02:00  INFO 12603 --- [main] org.apache.catalina.core.ContainerBase.[Tomcat].[localhost].[/] : Initializing Spring embedded WebApplicationContext
2023-10-14T14:38:14.833+02:00  INFO 12603 --- [main] org.springframework.boot.web.servlet.context.ServletWebServerApplicationContext : Root WebApplicationContext: initialization completed in 1031 ms
2023-10-14T14:38:15.201+02:00  INFO 12603 --- [main] org.casbin.spring.boot.autoconfigure.CasbinAutoConfiguration : Casbin is using the data source managed by Spring.
2023-10-14T14:38:15.206+02:00  INFO 12603 --- [main] com.zaxxer.hikari.HikariDataSource : HikariPool-1 - Starting...
2023-10-14T14:38:15.383+02:00  INFO 12603 --- [main] com.zaxxer.hikari.pool.HikariPool : HikariPool-1 - Added connection org.postgresql.jdbc.PgConnection@7d401cdc
2023-10-14T14:38:15.385+02:00  INFO 12603 --- [main] com.zaxxer.hikari.HikariDataSource : HikariPool-1 - Start completed.
2023-10-14T14:38:15.397+02:00  INFO 12603 --- [main] org.casbin.spring.boot.autoconfigure.CasbinAutoConfiguration : Casbin current use database product: postgresql
2023-10-14T14:38:15.453+02:00  INFO 12603 --- [main] org.casbin.spring.boot.autoconfigure.CasbinAutoConfiguration : Can't found model config file, use default model config
2023-10-14T14:38:15.466+02:00  INFO 12603 --- [main] org.casbin.jcasbin : Model:
2023-10-14T14:38:15.466+02:00  INFO 12603 --- [main] org.casbin.jcasbin : p.p: sub, obj, act
2023-10-14T14:38:15.466+02:00  INFO 12603 --- [main] org.casbin.jcasbin : r.r: sub, obj, act
2023-10-14T14:38:15.466+02:00  INFO 12603 --- [main] org.casbin.jcasbin : e.e: some(where (p_eft == allow))
2023-10-14T14:38:15.466+02:00  INFO 12603 --- [main] org.casbin.jcasbin : g.g: _, _
2023-10-14T14:38:15.467+02:00  INFO 12603 --- [main] org.casbin.jcasbin : m.m: g(r_sub, p_sub) && r_obj == p_obj && r_act == p_act
2023-10-14T14:38:15.570+02:00  INFO 12603 --- [main] org.casbin.jcasbin : Policy:
2023-10-14T14:38:15.570+02:00  INFO 12603 --- [main] org.casbin.jcasbin : p: sub, obj, act: []
2023-10-14T14:38:15.571+02:00  INFO 12603 --- [main] org.casbin.jcasbin : g: _, _: []
2023-10-14T14:38:15.571+02:00  INFO 12603 --- [main] org.casbin.jcasbin : Role links for: g
2023-10-14T14:38:15.571+02:00  INFO 12603 --- [main] org.casbin.jcasbin : 
2023-10-14T14:38:15.770+02:00  INFO 12603 --- [main] org.springframework.security.web.DefaultSecurityFilterChain : Will secure any request with [org.springframework.security.web.session.DisableEncodeUrlFilter@571d0925, org.springframework.security.web.context.request.async.WebAsyncManagerIntegrationFilter@54e0f76f, org.springframework.security.web.context.SecurityContextHolderFilter@6591f8ea, org.springframework.security.web.header.HeaderWriterFilter@6e3b2dd3, org.springframework.security.web.csrf.CsrfFilter@75a226ea, org.springframework.security.web.authentication.logout.LogoutFilter@69ba72da, org.springframework.security.oauth2.server.resource.web.authentication.BearerTokenAuthenticationFilter@2d38db6f, org.springframework.security.web.savedrequest.RequestCacheAwareFilter@279c4e3b, org.springframework.security.web.servletapi.SecurityContextHolderAwareRequestFilter@56478522, org.springframework.security.web.authentication.AnonymousAuthenticationFilter@3fe8ad3f, org.springframework.security.web.access.ExceptionTranslationFilter@2fa212df, org.springframework.security.web.access.intercept.AuthorizationFilter@302da330]
2023-10-14T14:38:15.817+02:00  INFO 12603 --- [main] org.springframework.boot.web.embedded.tomcat.TomcatWebServer : Tomcat started on port(s): 7015 (http) with context path ''
2023-10-14T14:38:15.825+02:00  INFO 12603 --- [main] com.trodix.casbinserver.CasbinServerApplication : Started CasbinServerApplication in 2.508 seconds (process running for 2.892)
2023-10-14T14:50:22.598+02:00  INFO 12603 --- [SpringApplicationShutdownHook] com.zaxxer.hikari.HikariDataSource : HikariPool-1 - Shutdown initiated...
2023-10-14T14:50:22.600+02:00  INFO 12603 --- [SpringApplicationShutdownHook] com.zaxxer.hikari.HikariDataSource : HikariPool-1 - Shutdown completed.
2023-10-14T14:50:26.601+02:00  INFO 13946 --- [main] com.trodix.casbinserver.CasbinServerApplication : Starting CasbinServerApplication using Java 17.0.5 with PID 13946 (/media/DATA/workspace/DEV/casbin-server/target/classes started by sebastien in /media/DATA/workspace/DEV/casbin-server)
2023-10-14T14:50:26.603+02:00  INFO 13946 --- [main] com.trodix.casbinserver.CasbinServerApplication : The following 1 profile is active: "dev"
2023-10-14T14:50:27.612+02:00  INFO 13946 --- [main] org.springframework.boot.web.embedded.tomcat.TomcatWebServer : Tomcat initialized with port(s): 7015 (http)
2023-10-14T14:50:27.620+02:00  INFO 13946 --- [main] org.apache.catalina.core.StandardService : Starting service [Tomcat]
2023-10-14T14:50:27.620+02:00  INFO 13946 --- [main] org.apache.catalina.core.StandardEngine : Starting Servlet engine: [Apache Tomcat/10.1.13]
2023-10-14T14:50:27.684+02:00  INFO 13946 --- [main] org.apache.catalina.core.ContainerBase.[Tomcat].[localhost].[/] : Initializing Spring embedded WebApplicationContext
2023-10-14T14:50:27.684+02:00  INFO 13946 --- [main] org.springframework.boot.web.servlet.context.ServletWebServerApplicationContext : Root WebApplicationContext: initialization completed in 1039 ms
2023-10-14T14:50:27.769+02:00  WARN 13946 --- [main] org.springframework.boot.web.servlet.context.AnnotationConfigServletWebServerApplicationContext : Exception encountered during context initialization - cancelling refresh attempt: org.springframework.beans.factory.BeanCreationException: Error creating bean with name 'casbinConfig': Injection of autowired dependencies failed
2023-10-14T14:50:27.771+02:00  INFO 13946 --- [main] org.apache.catalina.core.StandardService : Stopping service [Tomcat]
2023-10-14T14:50:27.857+02:00  INFO 13946 --- [main] org.springframework.boot.autoconfigure.logging.ConditionEvaluationReportLogger : 

Error starting ApplicationContext. To display the condition evaluation report re-run your application with 'debug' enabled.
2023-10-14T14:50:27.874+02:00 ERROR 13946 --- [main] org.springframework.boot.SpringApplication : Application run failed

org.springframework.beans.factory.BeanCreationException: Error creating bean with name 'casbinConfig': Injection of autowired dependencies failed
	at org.springframework.beans.factory.annotation.AutowiredAnnotationBeanPostProcessor.postProcessProperties(AutowiredAnnotationBeanPostProcessor.java:498)
	at org.springframework.beans.factory.support.AbstractAutowireCapableBeanFactory.populateBean(AbstractAutowireCapableBeanFactory.java:1416)
	at org.springframework.beans.factory.support.AbstractAutowireCapableBeanFactory.doCreateBean(AbstractAutowireCapableBeanFactory.java:597)
	at org.springframework.beans.factory.support.AbstractAutowireCapableBeanFactory.createBean(AbstractAutowireCapableBeanFactory.java:520)
	at org.springframework.beans.factory.support.AbstractBeanFactory.lambda$doGetBean$0(AbstractBeanFactory.java:325)
	at org.springframework.beans.factory.support.DefaultSingletonBeanRegistry.getSingleton(DefaultSingletonBeanRegistry.java:234)
	at org.springframework.beans.factory.support.AbstractBeanFactory.doGetBean(AbstractBeanFactory.java:323)
	at org.springframework.beans.factory.support.AbstractBeanFactory.getBean(AbstractBeanFactory.java:199)
	at org.springframework.beans.factory.support.DefaultListableBeanFactory.preInstantiateSingletons(DefaultListableBeanFactory.java:973)
	at org.springframework.context.support.AbstractApplicationContext.finishBeanFactoryInitialization(AbstractApplicationContext.java:942)
	at org.springframework.context.support.AbstractApplicationContext.refresh(AbstractApplicationContext.java:608)
	at org.springframework.boot.web.servlet.context.ServletWebServerApplicationContext.refresh(ServletWebServerApplicationContext.java:146)
	at org.springframework.boot.SpringApplication.refresh(SpringApplication.java:737)
	at org.springframework.boot.SpringApplication.refreshContext(SpringApplication.java:439)
	at org.springframework.boot.SpringApplication.run(SpringApplication.java:315)
	at org.springframework.boot.SpringApplication.run(SpringApplication.java:1309)
	at org.springframework.boot.SpringApplication.run(SpringApplication.java:1298)
	at com.trodix.casbinserver.CasbinServerApplication.main(CasbinServerApplication.java:10)
Caused by: java.lang.IllegalArgumentException: Could not resolve placeholder 'casbin.model' in value "${casbin.model}"
	at org.springframework.util.PropertyPlaceholderHelper.parseStringValue(PropertyPlaceholderHelper.java:180)
	at org.springframework.util.PropertyPlaceholderHelper.replacePlaceholders(PropertyPlaceholderHelper.java:126)
	at org.springframework.core.env.AbstractPropertyResolver.doResolvePlaceholders(AbstractPropertyResolver.java:239)
	at org.springframework.core.env.AbstractPropertyResolver.resolveRequiredPlaceholders(AbstractPropertyResolver.java:210)
	at org.springframework.context.support.PropertySourcesPlaceholderConfigurer.lambda$processProperties$0(PropertySourcesPlaceholderConfigurer.java:200)
	at org.springframework.beans.factory.support.AbstractBeanFactory.resolveEmbeddedValue(AbstractBeanFactory.java:918)
	at org.springframework.beans.factory.support.DefaultListableBeanFactory.doResolveDependency(DefaultListableBeanFactory.java:1358)
	at org.springframework.beans.factory.support.DefaultListableBeanFactory.resolveDependency(DefaultListableBeanFactory.java:1337)
	at org.springframework.beans.factory.annotation.AutowiredAnnotationBeanPostProcessor$AutowiredFieldElement.resolveFieldValue(AutowiredAnnotationBeanPostProcessor.java:764)
	at org.springframework.beans.factory.annotation.AutowiredAnnotationBeanPostProcessor$AutowiredFieldElement.inject(AutowiredAnnotationBeanPostProcessor.java:747)
	at org.springframework.beans.factory.annotation.InjectionMetadata.inject(InjectionMetadata.java:145)
	at org.springframework.beans.factory.annotation.AutowiredAnnotationBeanPostProcessor.postProcessProperties(AutowiredAnnotationBeanPostProcessor.java:492)
	... 17 common frames omitted

2023-10-14T14:55:55.607+02:00  INFO 14426 --- [main] com.trodix.casbinserver.CasbinServerApplication : Starting CasbinServerApplication using Java 17.0.5 with PID 14426 (/media/DATA/workspace/DEV/casbin-server/target/classes started by sebastien in /media/DATA/workspace/DEV/casbin-server)
2023-10-14T14:55:55.609+02:00  INFO 14426 --- [main] com.trodix.casbinserver.CasbinServerApplication : The following 1 profile is active: "dev"
2023-10-14T14:55:56.655+02:00  INFO 14426 --- [main] org.springframework.boot.web.embedded.tomcat.TomcatWebServer : Tomcat initialized with port(s): 7015 (http)
2023-10-14T14:55:56.662+02:00  INFO 14426 --- [main] org.apache.catalina.core.StandardService : Starting service [Tomcat]
2023-10-14T14:55:56.662+02:00  INFO 14426 --- [main] org.apache.catalina.core.StandardEngine : Starting Servlet engine: [Apache Tomcat/10.1.13]
2023-10-14T14:55:56.721+02:00  INFO 14426 --- [main] org.apache.catalina.core.ContainerBase.[Tomcat].[localhost].[/] : Initializing Spring embedded WebApplicationContext
2023-10-14T14:55:56.721+02:00  INFO 14426 --- [main] org.springframework.boot.web.servlet.context.ServletWebServerApplicationContext : Root WebApplicationContext: initialization completed in 1077 ms
2023-10-14T14:55:56.813+02:00  WARN 14426 --- [main] org.springframework.boot.web.servlet.context.AnnotationConfigServletWebServerApplicationContext : Exception encountered during context initialization - cancelling refresh attempt: org.springframework.beans.factory.BeanCreationException: Error creating bean with name 'casbinConfig': Injection of autowired dependencies failed
2023-10-14T14:55:56.815+02:00  INFO 14426 --- [main] org.apache.catalina.core.StandardService : Stopping service [Tomcat]
2023-10-14T14:55:56.900+02:00  INFO 14426 --- [main] org.springframework.boot.autoconfigure.logging.ConditionEvaluationReportLogger : 

Error starting ApplicationContext. To display the condition evaluation report re-run your application with 'debug' enabled.
2023-10-14T14:55:56.916+02:00 ERROR 14426 --- [main] org.springframework.boot.SpringApplication : Application run failed

org.springframework.beans.factory.BeanCreationException: Error creating bean with name 'casbinConfig': Injection of autowired dependencies failed
	at org.springframework.beans.factory.annotation.AutowiredAnnotationBeanPostProcessor.postProcessProperties(AutowiredAnnotationBeanPostProcessor.java:498)
	at org.springframework.beans.factory.support.AbstractAutowireCapableBeanFactory.populateBean(AbstractAutowireCapableBeanFactory.java:1416)
	at org.springframework.beans.factory.support.AbstractAutowireCapableBeanFactory.doCreateBean(AbstractAutowireCapableBeanFactory.java:597)
	at org.springframework.beans.factory.support.AbstractAutowireCapableBeanFactory.createBean(AbstractAutowireCapableBeanFactory.java:520)
	at org.springframework.beans.factory.support.AbstractBeanFactory.lambda$doGetBean$0(AbstractBeanFactory.java:325)
	at org.springframework.beans.factory.support.DefaultSingletonBeanRegistry.getSingleton(DefaultSingletonBeanRegistry.java:234)
	at org.springframework.beans.factory.support.AbstractBeanFactory.doGetBean(AbstractBeanFactory.java:323)
	at org.springframework.beans.factory.support.AbstractBeanFactory.getBean(AbstractBeanFactory.java:199)
	at org.springframework.beans.factory.support.DefaultListableBeanFactory.preInstantiateSingletons(DefaultListableBeanFactory.java:973)
	at org.springframework.context.support.AbstractApplicationContext.finishBeanFactoryInitialization(AbstractApplicationContext.java:942)
	at org.springframework.context.support.AbstractApplicationContext.refresh(AbstractApplicationContext.java:608)
	at org.springframework.boot.web.servlet.context.ServletWebServerApplicationContext.refresh(ServletWebServerApplicationContext.java:146)
	at org.springframework.boot.SpringApplication.refresh(SpringApplication.java:737)
	at org.springframework.boot.SpringApplication.refreshContext(SpringApplication.java:439)
	at org.springframework.boot.SpringApplication.run(SpringApplication.java:315)
	at org.springframework.boot.SpringApplication.run(SpringApplication.java:1309)
	at org.springframework.boot.SpringApplication.run(SpringApplication.java:1298)
	at com.trodix.casbinserver.CasbinServerApplication.main(CasbinServerApplication.java:10)
Caused by: java.lang.IllegalArgumentException: Could not resolve placeholder 'casbin.model' in value "${casbin.model}"
	at org.springframework.util.PropertyPlaceholderHelper.parseStringValue(PropertyPlaceholderHelper.java:180)
	at org.springframework.util.PropertyPlaceholderHelper.replacePlaceholders(PropertyPlaceholderHelper.java:126)
	at org.springframework.core.env.AbstractPropertyResolver.doResolvePlaceholders(AbstractPropertyResolver.java:239)
	at org.springframework.core.env.AbstractPropertyResolver.resolveRequiredPlaceholders(AbstractPropertyResolver.java:210)
	at org.springframework.context.support.PropertySourcesPlaceholderConfigurer.lambda$processProperties$0(PropertySourcesPlaceholderConfigurer.java:200)
	at org.springframework.beans.factory.support.AbstractBeanFactory.resolveEmbeddedValue(AbstractBeanFactory.java:918)
	at org.springframework.beans.factory.support.DefaultListableBeanFactory.doResolveDependency(DefaultListableBeanFactory.java:1358)
	at org.springframework.beans.factory.support.DefaultListableBeanFactory.resolveDependency(DefaultListableBeanFactory.java:1337)
	at org.springframework.beans.factory.annotation.AutowiredAnnotationBeanPostProcessor$AutowiredFieldElement.resolveFieldValue(AutowiredAnnotationBeanPostProcessor.java:764)
	at org.springframework.beans.factory.annotation.AutowiredAnnotationBeanPostProcessor$AutowiredFieldElement.inject(AutowiredAnnotationBeanPostProcessor.java:747)
	at org.springframework.beans.factory.annotation.InjectionMetadata.inject(InjectionMetadata.java:145)
	at org.springframework.beans.factory.annotation.AutowiredAnnotationBeanPostProcessor.postProcessProperties(AutowiredAnnotationBeanPostProcessor.java:492)
	... 17 common frames omitted

2023-10-14T14:56:26.204+02:00  INFO 14565 --- [main] com.trodix.casbinserver.CasbinServerApplication : Starting CasbinServerApplication using Java 17.0.5 with PID 14565 (/media/DATA/workspace/DEV/casbin-server/target/classes started by sebastien in /media/DATA/workspace/DEV/casbin-server)
2023-10-14T14:56:26.205+02:00  INFO 14565 --- [main] com.trodix.casbinserver.CasbinServerApplication : The following 1 profile is active: "dev"
2023-10-14T14:56:27.235+02:00  INFO 14565 --- [main] org.springframework.boot.web.embedded.tomcat.TomcatWebServer : Tomcat initialized with port(s): 7015 (http)
2023-10-14T14:56:27.242+02:00  INFO 14565 --- [main] org.apache.catalina.core.StandardService : Starting service [Tomcat]
2023-10-14T14:56:27.242+02:00  INFO 14565 --- [main] org.apache.catalina.core.StandardEngine : Starting Servlet engine: [Apache Tomcat/10.1.13]
2023-10-14T14:56:27.298+02:00  INFO 14565 --- [main] org.apache.catalina.core.ContainerBase.[Tomcat].[localhost].[/] : Initializing Spring embedded WebApplicationContext
2023-10-14T14:56:27.299+02:00  INFO 14565 --- [main] org.springframework.boot.web.servlet.context.ServletWebServerApplicationContext : Root WebApplicationContext: initialization completed in 1056 ms
2023-10-14T14:56:27.394+02:00  WARN 14565 --- [main] org.springframework.boot.web.servlet.context.AnnotationConfigServletWebServerApplicationContext : Exception encountered during context initialization - cancelling refresh attempt: org.springframework.beans.factory.BeanCreationException: Error creating bean with name 'webSecurityConfig': Injection of autowired dependencies failed
2023-10-14T14:56:27.396+02:00  INFO 14565 --- [main] org.apache.catalina.core.StandardService : Stopping service [Tomcat]
2023-10-14T14:56:27.490+02:00  INFO 14565 --- [main] org.springframework.boot.autoconfigure.logging.ConditionEvaluationReportLogger : 

Error starting ApplicationContext. To display the condition evaluation report re-run your application with 'debug' enabled.
2023-10-14T14:56:27.507+02:00 ERROR 14565 --- [main] org.springframework.boot.SpringApplication : Application run failed

org.springframework.beans.factory.BeanCreationException: Error creating bean with name 'webSecurityConfig': Injection of autowired dependencies failed
	at org.springframework.beans.factory.annotation.AutowiredAnnotationBeanPostProcessor.postProcessProperties(AutowiredAnnotationBeanPostProcessor.java:498)
	at org.springframework.beans.factory.support.AbstractAutowireCapableBeanFactory.populateBean(AbstractAutowireCapableBeanFactory.java:1416)
	at org.springframework.beans.factory.support.AbstractAutowireCapableBeanFactory.doCreateBean(AbstractAutowireCapableBeanFactory.java:597)
	at org.springframework.beans.factory.support.AbstractAutowireCapableBeanFactory.createBean(AbstractAutowireCapableBeanFactory.java:520)
	at org.springframework.beans.factory.support.AbstractBeanFactory.lambda$doGetBean$0(AbstractBeanFactory.java:325)
	at org.springframework.beans.factory.support.DefaultSingletonBeanRegistry.getSingleton(DefaultSingletonBeanRegistry.java:234)
	at org.springframework.beans.factory.support.AbstractBeanFactory.doGetBean(AbstractBeanFactory.java:323)
	at org.springframework.beans.factory.support.AbstractBeanFactory.getBean(AbstractBeanFactory.java:199)
	at org.springframework.beans.factory.support.DefaultListableBeanFactory.preInstantiateSingletons(DefaultListableBeanFactory.java:973)
	at org.springframework.context.support.AbstractApplicationContext.finishBeanFactoryInitialization(AbstractApplicationContext.java:942)
	at org.springframework.context.support.AbstractApplicationContext.refresh(AbstractApplicationContext.java:608)
	at org.springframework.boot.web.servlet.context.ServletWebServerApplicationContext.refresh(ServletWebServerApplicationContext.java:146)
	at org.springframework.boot.SpringApplication.refresh(SpringApplication.java:737)
	at org.springframework.boot.SpringApplication.refreshContext(SpringApplication.java:439)
	at org.springframework.boot.SpringApplication.run(SpringApplication.java:315)
	at org.springframework.boot.SpringApplication.run(SpringApplication.java:1309)
	at org.springframework.boot.SpringApplication.run(SpringApplication.java:1298)
	at com.trodix.casbinserver.CasbinServerApplication.main(CasbinServerApplication.java:10)
Caused by: java.lang.IllegalArgumentException: Could not resolve placeholder 'app.auth.allowed-origins' in value "${app.auth.allowed-origins}"
	at org.springframework.util.PropertyPlaceholderHelper.parseStringValue(PropertyPlaceholderHelper.java:180)
	at org.springframework.util.PropertyPlaceholderHelper.replacePlaceholders(PropertyPlaceholderHelper.java:126)
	at org.springframework.core.env.AbstractPropertyResolver.doResolvePlaceholders(AbstractPropertyResolver.java:239)
	at org.springframework.core.env.AbstractPropertyResolver.resolveRequiredPlaceholders(AbstractPropertyResolver.java:210)
	at org.springframework.context.support.PropertySourcesPlaceholderConfigurer.lambda$processProperties$0(PropertySourcesPlaceholderConfigurer.java:200)
	at org.springframework.beans.factory.support.AbstractBeanFactory.resolveEmbeddedValue(AbstractBeanFactory.java:918)
	at org.springframework.beans.factory.support.DefaultListableBeanFactory.doResolveDependency(DefaultListableBeanFactory.java:1358)
	at org.springframework.beans.factory.support.DefaultListableBeanFactory.resolveDependency(DefaultListableBeanFactory.java:1337)
	at org.springframework.beans.factory.annotation.AutowiredAnnotationBeanPostProcessor$AutowiredFieldElement.resolveFieldValue(AutowiredAnnotationBeanPostProcessor.java:764)
	at org.springframework.beans.factory.annotation.AutowiredAnnotationBeanPostProcessor$AutowiredFieldElement.inject(AutowiredAnnotationBeanPostProcessor.java:747)
	at org.springframework.beans.factory.annotation.InjectionMetadata.inject(InjectionMetadata.java:145)
	at org.springframework.beans.factory.annotation.AutowiredAnnotationBeanPostProcessor.postProcessProperties(AutowiredAnnotationBeanPostProcessor.java:492)
	... 17 common frames omitted

2023-10-14T14:58:38.633+02:00  INFO 14795 --- [main] com.trodix.casbinserver.CasbinServerApplication : Starting CasbinServerApplication using Java 17.0.5 with PID 14795 (/media/DATA/workspace/DEV/casbin-server/target/classes started by sebastien in /media/DATA/workspace/DEV/casbin-server)
2023-10-14T14:58:38.638+02:00  INFO 14795 --- [main] com.trodix.casbinserver.CasbinServerApplication : The following 1 profile is active: "dev"
2023-10-14T14:58:39.658+02:00  INFO 14795 --- [main] org.springframework.boot.web.embedded.tomcat.TomcatWebServer : Tomcat initialized with port(s): 7015 (http)
2023-10-14T14:58:39.665+02:00  INFO 14795 --- [main] org.apache.catalina.core.StandardService : Starting service [Tomcat]
2023-10-14T14:58:39.666+02:00  INFO 14795 --- [main] org.apache.catalina.core.StandardEngine : Starting Servlet engine: [Apache Tomcat/10.1.13]
2023-10-14T14:58:39.726+02:00  INFO 14795 --- [main] org.apache.catalina.core.ContainerBase.[Tomcat].[localhost].[/] : Initializing Spring embedded WebApplicationContext
2023-10-14T14:58:39.726+02:00  INFO 14795 --- [main] org.springframework.boot.web.servlet.context.ServletWebServerApplicationContext : Root WebApplicationContext: initialization completed in 1051 ms
2023-10-14T14:58:39.831+02:00  INFO 14795 --- [main] com.zaxxer.hikari.HikariDataSource : HikariPool-1 - Starting...
2023-10-14T14:58:40.024+02:00  INFO 14795 --- [main] com.zaxxer.hikari.pool.HikariPool : HikariPool-1 - Added connection org.postgresql.jdbc.PgConnection@1e40fbb3
2023-10-14T14:58:40.026+02:00  INFO 14795 --- [main] com.zaxxer.hikari.HikariDataSource : HikariPool-1 - Start completed.
2023-10-14T14:58:40.059+02:00  INFO 14795 --- [main] org.casbin.jcasbin : Model:
2023-10-14T14:58:40.060+02:00  INFO 14795 --- [main] org.casbin.jcasbin : p.p: sub, obj, act
2023-10-14T14:58:40.060+02:00  INFO 14795 --- [main] org.casbin.jcasbin : r.r: sub, obj, act
2023-10-14T14:58:40.060+02:00  INFO 14795 --- [main] org.casbin.jcasbin : e.e: some(where (p_eft == allow))
2023-10-14T14:58:40.060+02:00  INFO 14795 --- [main] org.casbin.jcasbin : g.g: _, _
2023-10-14T14:58:40.060+02:00  INFO 14795 --- [main] org.casbin.jcasbin : m.m: g(r_sub, p_sub) && r_obj == p_obj && r_act == p_act
2023-10-14T14:58:40.164+02:00  INFO 14795 --- [main] org.casbin.jcasbin : Policy:
2023-10-14T14:58:40.165+02:00  INFO 14795 --- [main] org.casbin.jcasbin : p: sub, obj, act: []
2023-10-14T14:58:40.165+02:00  INFO 14795 --- [main] org.casbin.jcasbin : g: _, _: []
2023-10-14T14:58:40.165+02:00  INFO 14795 --- [main] org.casbin.jcasbin : Role links for: g
2023-10-14T14:58:40.166+02:00  INFO 14795 --- [main] org.casbin.jcasbin : 
2023-10-14T14:58:40.413+02:00  WARN 14795 --- [main] org.springframework.boot.web.servlet.context.AnnotationConfigServletWebServerApplicationContext : Exception encountered during context initialization - cancelling refresh attempt: org.springframework.beans.factory.BeanCreationException: Error creating bean with name 'filterChain' defined in class path resource [com/trodix/casbinserver/security/WebSecurityConfig.class]: Failed to instantiate [org.springframework.security.web.SecurityFilterChain]: Factory method 'filterChain' threw exception with message: org/springframework/security/oauth2/client/web/OAuth2AuthorizedClientRepository
2023-10-14T14:58:40.416+02:00  INFO 14795 --- [main] com.zaxxer.hikari.HikariDataSource : HikariPool-1 - Shutdown initiated...
2023-10-14T14:58:40.419+02:00  INFO 14795 --- [main] com.zaxxer.hikari.HikariDataSource : HikariPool-1 - Shutdown completed.
2023-10-14T14:58:40.421+02:00  INFO 14795 --- [main] org.apache.catalina.core.StandardService : Stopping service [Tomcat]
2023-10-14T14:58:40.437+02:00  INFO 14795 --- [main] org.springframework.boot.autoconfigure.logging.ConditionEvaluationReportLogger : 

Error starting ApplicationContext. To display the condition evaluation report re-run your application with 'debug' enabled.
2023-10-14T14:58:40.456+02:00 ERROR 14795 --- [main] org.springframework.boot.SpringApplication : Application run failed

org.springframework.beans.factory.BeanCreationException: Error creating bean with name 'filterChain' defined in class path resource [com/trodix/casbinserver/security/WebSecurityConfig.class]: Failed to instantiate [org.springframework.security.web.SecurityFilterChain]: Factory method 'filterChain' threw exception with message: org/springframework/security/oauth2/client/web/OAuth2AuthorizedClientRepository
	at org.springframework.beans.factory.support.ConstructorResolver.instantiate(ConstructorResolver.java:654)
	at org.springframework.beans.factory.support.ConstructorResolver.instantiateUsingFactoryMethod(ConstructorResolver.java:642)
	at org.springframework.beans.factory.support.AbstractAutowireCapableBeanFactory.instantiateUsingFactoryMethod(AbstractAutowireCapableBeanFactory.java:1332)
	at org.springframework.beans.factory.support.AbstractAutowireCapableBeanFactory.createBeanInstance(AbstractAutowireCapableBeanFactory.java:1162)
	at org.springframework.beans.factory.support.AbstractAutowireCapableBeanFactory.doCreateBean(AbstractAutowireCapableBeanFactory.java:560)
	at org.springframework.beans.factory.support.AbstractAutowireCapableBeanFactory.createBean(AbstractAutowireCapableBeanFactory.java:520)
	at org.springframework.beans.factory.support.AbstractBeanFactory.lambda$doGetBean$0(AbstractBeanFactory.java:325)
	at org.springframework.beans.factory.support.DefaultSingletonBeanRegistry.getSingleton(DefaultSingletonBeanRegistry.java:234)
	at org.springframework.beans.factory.support.AbstractBeanFactory.doGetBean(AbstractBeanFactory.java:323)
	at org.springframework.beans.factory.support.AbstractBeanFactory.getBean(AbstractBeanFactory.java:199)
	at org.springframework.beans.factory.support.DefaultListableBeanFactory.preInstantiateSingletons(DefaultListableBeanFactory.java:973)
	at org.springframework.context.support.AbstractApplicationContext.finishBeanFactoryInitialization(AbstractApplicationContext.java:942)
	at org.springframework.context.support.AbstractApplicationContext.refresh(AbstractApplicationContext.java:608)
	at org.springframework.boot.web.servlet.context.ServletWebServerApplicationContext.refresh(ServletWebServerApplicationContext.java:146)
	at org.springframework.boot.SpringApplication.refresh(SpringApplication.java:737)
	at org.springframework.boot.SpringApplication.refreshContext(SpringApplication.java:439)
	at org.springframework.boot.SpringApplication.run(SpringApplication.java:315)
	at org.springframework.boot.SpringApplication.run(SpringApplication.java:1309)
	at org.springframework.boot.SpringApplication.run(SpringApplication.java:1298)
	at com.trodix.casbinserver.CasbinServerApplication.main(CasbinServerApplication.java:10)
Caused by: org.springframework.beans.BeanInstantiationException: Failed to instantiate [org.springframework.security.web.SecurityFilterChain]: Factory method 'filterChain' threw exception with message: org/springframework/security/oauth2/client/web/OAuth2AuthorizedClientRepository
	at org.springframework.beans.factory.support.SimpleInstantiationStrategy.instantiate(SimpleInstantiationStrategy.java:171)
	at org.springframework.beans.factory.support.ConstructorResolver.instantiate(ConstructorResolver.java:650)
	... 19 common frames omitted
Caused by: java.lang.NoClassDefFoundError: org/springframework/security/oauth2/client/web/OAuth2AuthorizedClientRepository
	at org.springframework.security.config.annotation.web.builders.HttpSecurity.oauth2Client(HttpSecurity.java:2854)
	at com.trodix.casbinserver.security.WebSecurityConfig.filterChain(WebSecurityConfig.java:50)
	at com.trodix.casbinserver.security.WebSecurityConfig$$SpringCGLIB$$0.CGLIB$filterChain$0(<generated>)
	at com.trodix.casbinserver.security.WebSecurityConfig$$SpringCGLIB$$2.invoke(<generated>)
	at org.springframework.cglib.proxy.MethodProxy.invokeSuper(MethodProxy.java:258)
	at org.springframework.context.annotation.ConfigurationClassEnhancer$BeanMethodInterceptor.intercept(ConfigurationClassEnhancer.java:331)
	at com.trodix.casbinserver.security.WebSecurityConfig$$SpringCGLIB$$0.filterChain(<generated>)
	at java.base/jdk.internal.reflect.NativeMethodAccessorImpl.invoke0(Native Method)
	at java.base/jdk.internal.reflect.NativeMethodAccessorImpl.invoke(NativeMethodAccessorImpl.java:77)
	at java.base/jdk.internal.reflect.DelegatingMethodAccessorImpl.invoke(DelegatingMethodAccessorImpl.java:43)
	at java.base/java.lang.reflect.Method.invoke(Method.java:568)
	at org.springframework.beans.factory.support.SimpleInstantiationStrategy.instantiate(SimpleInstantiationStrategy.java:139)
	... 20 common frames omitted
Caused by: java.lang.ClassNotFoundException: org.springframework.security.oauth2.client.web.OAuth2AuthorizedClientRepository
	at java.base/jdk.internal.loader.BuiltinClassLoader.loadClass(BuiltinClassLoader.java:641)
	at java.base/jdk.internal.loader.ClassLoaders$AppClassLoader.loadClass(ClassLoaders.java:188)
	at java.base/java.lang.ClassLoader.loadClass(ClassLoader.java:520)
	... 32 common frames omitted

2023-10-14T14:59:55.569+02:00  INFO 14979 --- [main] com.trodix.casbinserver.CasbinServerApplication : Starting CasbinServerApplication using Java 17.0.5 with PID 14979 (/media/DATA/workspace/DEV/casbin-server/target/classes started by sebastien in /media/DATA/workspace/DEV/casbin-server)
2023-10-14T14:59:55.571+02:00  INFO 14979 --- [main] com.trodix.casbinserver.CasbinServerApplication : The following 1 profile is active: "dev"
2023-10-14T14:59:56.592+02:00  INFO 14979 --- [main] org.springframework.boot.web.embedded.tomcat.TomcatWebServer : Tomcat initialized with port(s): 7015 (http)
2023-10-14T14:59:56.599+02:00  INFO 14979 --- [main] org.apache.catalina.core.StandardService : Starting service [Tomcat]
2023-10-14T14:59:56.600+02:00  INFO 14979 --- [main] org.apache.catalina.core.StandardEngine : Starting Servlet engine: [Apache Tomcat/10.1.13]
2023-10-14T14:59:56.661+02:00  INFO 14979 --- [main] org.apache.catalina.core.ContainerBase.[Tomcat].[localhost].[/] : Initializing Spring embedded WebApplicationContext
2023-10-14T14:59:56.662+02:00  INFO 14979 --- [main] org.springframework.boot.web.servlet.context.ServletWebServerApplicationContext : Root WebApplicationContext: initialization completed in 1055 ms
2023-10-14T14:59:56.769+02:00  INFO 14979 --- [main] com.zaxxer.hikari.HikariDataSource : HikariPool-1 - Starting...
2023-10-14T14:59:56.969+02:00  INFO 14979 --- [main] com.zaxxer.hikari.pool.HikariPool : HikariPool-1 - Added connection org.postgresql.jdbc.PgConnection@1ee5632d
2023-10-14T14:59:56.971+02:00  INFO 14979 --- [main] com.zaxxer.hikari.HikariDataSource : HikariPool-1 - Start completed.
2023-10-14T14:59:57.008+02:00  INFO 14979 --- [main] org.casbin.jcasbin : Model:
2023-10-14T14:59:57.008+02:00  INFO 14979 --- [main] org.casbin.jcasbin : p.p: sub, obj, act
2023-10-14T14:59:57.009+02:00  INFO 14979 --- [main] org.casbin.jcasbin : r.r: sub, obj, act
2023-10-14T14:59:57.009+02:00  INFO 14979 --- [main] org.casbin.jcasbin : e.e: some(where (p_eft == allow))
2023-10-14T14:59:57.009+02:00  INFO 14979 --- [main] org.casbin.jcasbin : g.g: _, _
2023-10-14T14:59:57.009+02:00  INFO 14979 --- [main] org.casbin.jcasbin : m.m: g(r_sub, p_sub) && r_obj == p_obj && r_act == p_act
2023-10-14T14:59:57.137+02:00  INFO 14979 --- [main] org.casbin.jcasbin : Policy:
2023-10-14T14:59:57.137+02:00  INFO 14979 --- [main] org.casbin.jcasbin : p: sub, obj, act: [[role:xxx:read, feature:xxx, READ], [role:xxx:write, feature:xxx, WRITE], [role:xxx:delete, feature:xxx, DELETE]]
2023-10-14T14:59:57.137+02:00  INFO 14979 --- [main] org.casbin.jcasbin : g: _, _: [[role:xxx:admin, role:xxx:read], [role:xxx:admin, role:xxx:write], [role:xxx:admin, role:xxx:delete], [role:xxx:editor, role:xxx:read], [role:xxx:editor, role:xxx:write], [role:xxx:viewer, role:xxx:read]]
2023-10-14T14:59:57.138+02:00  INFO 14979 --- [main] org.casbin.jcasbin : Role links for: g
2023-10-14T14:59:57.139+02:00  INFO 14979 --- [main] org.casbin.jcasbin : casbin::default: role:xxx:editor < (role:xxx:write, role:xxx:read), role:xxx:admin < (role:xxx:write, role:xxx:delete, role:xxx:read), role:xxx:viewer < role:xxx:read
2023-10-14T14:59:57.344+02:00  WARN 14979 --- [main] org.springframework.boot.web.servlet.context.AnnotationConfigServletWebServerApplicationContext : Exception encountered during context initialization - cancelling refresh attempt: org.springframework.beans.factory.BeanCreationException: Error creating bean with name 'filterChain' defined in class path resource [com/trodix/casbinserver/security/WebSecurityConfig.class]: Failed to instantiate [org.springframework.security.web.SecurityFilterChain]: Factory method 'filterChain' threw exception with message: org/springframework/security/oauth2/client/web/OAuth2AuthorizedClientRepository
2023-10-14T14:59:57.348+02:00  INFO 14979 --- [main] com.zaxxer.hikari.HikariDataSource : HikariPool-1 - Shutdown initiated...
2023-10-14T14:59:57.350+02:00  INFO 14979 --- [main] com.zaxxer.hikari.HikariDataSource : HikariPool-1 - Shutdown completed.
2023-10-14T14:59:57.353+02:00  INFO 14979 --- [main] org.apache.catalina.core.StandardService : Stopping service [Tomcat]
2023-10-14T14:59:57.363+02:00  INFO 14979 --- [main] org.springframework.boot.autoconfigure.logging.ConditionEvaluationReportLogger : 

Error starting ApplicationContext. To display the condition evaluation report re-run your application with 'debug' enabled.
2023-10-14T14:59:57.377+02:00 ERROR 14979 --- [main] org.springframework.boot.SpringApplication : Application run failed

org.springframework.beans.factory.BeanCreationException: Error creating bean with name 'filterChain' defined in class path resource [com/trodix/casbinserver/security/WebSecurityConfig.class]: Failed to instantiate [org.springframework.security.web.SecurityFilterChain]: Factory method 'filterChain' threw exception with message: org/springframework/security/oauth2/client/web/OAuth2AuthorizedClientRepository
	at org.springframework.beans.factory.support.ConstructorResolver.instantiate(ConstructorResolver.java:654)
	at org.springframework.beans.factory.support.ConstructorResolver.instantiateUsingFactoryMethod(ConstructorResolver.java:642)
	at org.springframework.beans.factory.support.AbstractAutowireCapableBeanFactory.instantiateUsingFactoryMethod(AbstractAutowireCapableBeanFactory.java:1332)
	at org.springframework.beans.factory.support.AbstractAutowireCapableBeanFactory.createBeanInstance(AbstractAutowireCapableBeanFactory.java:1162)
	at org.springframework.beans.factory.support.AbstractAutowireCapableBeanFactory.doCreateBean(AbstractAutowireCapableBeanFactory.java:560)
	at org.springframework.beans.factory.support.AbstractAutowireCapableBeanFactory.createBean(AbstractAutowireCapableBeanFactory.java:520)
	at org.springframework.beans.factory.support.AbstractBeanFactory.lambda$doGetBean$0(AbstractBeanFactory.java:325)
	at org.springframework.beans.factory.support.DefaultSingletonBeanRegistry.getSingleton(DefaultSingletonBeanRegistry.java:234)
	at org.springframework.beans.factory.support.AbstractBeanFactory.doGetBean(AbstractBeanFactory.java:323)
	at org.springframework.beans.factory.support.AbstractBeanFactory.getBean(AbstractBeanFactory.java:199)
	at org.springframework.beans.factory.support.DefaultListableBeanFactory.preInstantiateSingletons(DefaultListableBeanFactory.java:973)
	at org.springframework.context.support.AbstractApplicationContext.finishBeanFactoryInitialization(AbstractApplicationContext.java:942)
	at org.springframework.context.support.AbstractApplicationContext.refresh(AbstractApplicationContext.java:608)
	at org.springframework.boot.web.servlet.context.ServletWebServerApplicationContext.refresh(ServletWebServerApplicationContext.java:146)
	at org.springframework.boot.SpringApplication.refresh(SpringApplication.java:737)
	at org.springframework.boot.SpringApplication.refreshContext(SpringApplication.java:439)
	at org.springframework.boot.SpringApplication.run(SpringApplication.java:315)
	at org.springframework.boot.SpringApplication.run(SpringApplication.java:1309)
	at org.springframework.boot.SpringApplication.run(SpringApplication.java:1298)
	at com.trodix.casbinserver.CasbinServerApplication.main(CasbinServerApplication.java:10)
Caused by: org.springframework.beans.BeanInstantiationException: Failed to instantiate [org.springframework.security.web.SecurityFilterChain]: Factory method 'filterChain' threw exception with message: org/springframework/security/oauth2/client/web/OAuth2AuthorizedClientRepository
	at org.springframework.beans.factory.support.SimpleInstantiationStrategy.instantiate(SimpleInstantiationStrategy.java:171)
	at org.springframework.beans.factory.support.ConstructorResolver.instantiate(ConstructorResolver.java:650)
	... 19 common frames omitted
Caused by: java.lang.NoClassDefFoundError: org/springframework/security/oauth2/client/web/OAuth2AuthorizedClientRepository
	at org.springframework.security.config.annotation.web.builders.HttpSecurity.oauth2Client(HttpSecurity.java:2854)
	at com.trodix.casbinserver.security.WebSecurityConfig.filterChain(WebSecurityConfig.java:50)
	at com.trodix.casbinserver.security.WebSecurityConfig$$SpringCGLIB$$0.CGLIB$filterChain$0(<generated>)
	at com.trodix.casbinserver.security.WebSecurityConfig$$SpringCGLIB$$2.invoke(<generated>)
	at org.springframework.cglib.proxy.MethodProxy.invokeSuper(MethodProxy.java:258)
	at org.springframework.context.annotation.ConfigurationClassEnhancer$BeanMethodInterceptor.intercept(ConfigurationClassEnhancer.java:331)
	at com.trodix.casbinserver.security.WebSecurityConfig$$SpringCGLIB$$0.filterChain(<generated>)
	at java.base/jdk.internal.reflect.NativeMethodAccessorImpl.invoke0(Native Method)
	at java.base/jdk.internal.reflect.NativeMethodAccessorImpl.invoke(NativeMethodAccessorImpl.java:77)
	at java.base/jdk.internal.reflect.DelegatingMethodAccessorImpl.invoke(DelegatingMethodAccessorImpl.java:43)
	at java.base/java.lang.reflect.Method.invoke(Method.java:568)
	at org.springframework.beans.factory.support.SimpleInstantiationStrategy.instantiate(SimpleInstantiationStrategy.java:139)
	... 20 common frames omitted
Caused by: java.lang.ClassNotFoundException: org.springframework.security.oauth2.client.web.OAuth2AuthorizedClientRepository
	at java.base/jdk.internal.loader.BuiltinClassLoader.loadClass(BuiltinClassLoader.java:641)
	at java.base/jdk.internal.loader.ClassLoaders$AppClassLoader.loadClass(ClassLoaders.java:188)
	at java.base/java.lang.ClassLoader.loadClass(ClassLoader.java:520)
	... 32 common frames omitted

2023-10-14T15:03:20.905+02:00  INFO 15489 --- [main] com.trodix.casbinserver.CasbinServerApplication : Starting CasbinServerApplication using Java 17.0.5 with PID 15489 (/media/DATA/workspace/DEV/casbin-server/target/classes started by sebastien in /media/DATA/workspace/DEV/casbin-server)
2023-10-14T15:03:20.926+02:00  INFO 15489 --- [main] com.trodix.casbinserver.CasbinServerApplication : The following 1 profile is active: "dev"
2023-10-14T15:03:30.431+02:00  INFO 15489 --- [main] org.springframework.boot.web.embedded.tomcat.TomcatWebServer : Tomcat initialized with port(s): 7015 (http)
2023-10-14T15:03:30.510+02:00  INFO 15489 --- [main] org.apache.catalina.core.StandardService : Starting service [Tomcat]
2023-10-14T15:03:30.511+02:00  INFO 15489 --- [main] org.apache.catalina.core.StandardEngine : Starting Servlet engine: [Apache Tomcat/10.1.13]
2023-10-14T15:03:30.979+02:00  INFO 15489 --- [main] org.apache.catalina.core.ContainerBase.[Tomcat].[localhost].[/] : Initializing Spring embedded WebApplicationContext
2023-10-14T15:03:30.982+02:00  INFO 15489 --- [main] org.springframework.boot.web.servlet.context.ServletWebServerApplicationContext : Root WebApplicationContext: initialization completed in 9778 ms
2023-10-14T15:03:31.412+02:00  INFO 15489 --- [main] com.zaxxer.hikari.HikariDataSource : HikariPool-1 - Starting...
2023-10-14T15:03:32.197+02:00  INFO 15489 --- [main] com.zaxxer.hikari.pool.HikariPool : HikariPool-1 - Added connection org.postgresql.jdbc.PgConnection@6da54910
2023-10-14T15:03:32.199+02:00  INFO 15489 --- [main] com.zaxxer.hikari.HikariDataSource : HikariPool-1 - Start completed.
2023-10-14T15:03:32.435+02:00  INFO 15489 --- [main] org.casbin.jcasbin : Model:
2023-10-14T15:03:32.435+02:00  INFO 15489 --- [main] org.casbin.jcasbin : p.p: sub, obj, act
2023-10-14T15:03:32.436+02:00  INFO 15489 --- [main] org.casbin.jcasbin : r.r: sub, obj, act
2023-10-14T15:03:32.450+02:00  INFO 15489 --- [main] org.casbin.jcasbin : e.e: some(where (p_eft == allow))
2023-10-14T15:03:32.451+02:00  INFO 15489 --- [main] org.casbin.jcasbin : g.g: _, _
2023-10-14T15:03:32.457+02:00  INFO 15489 --- [main] org.casbin.jcasbin : m.m: g(r_sub, p_sub) && r_obj == p_obj && r_act == p_act
2023-10-14T15:03:33.616+02:00  INFO 15489 --- [main] org.casbin.jcasbin : Policy:
2023-10-14T15:03:33.621+02:00  INFO 15489 --- [main] org.casbin.jcasbin : p: sub, obj, act: [[role:xxx:read, feature:xxx, READ], [role:xxx:write, feature:xxx, WRITE], [role:xxx:delete, feature:xxx, DELETE]]
2023-10-14T15:03:33.622+02:00  INFO 15489 --- [main] org.casbin.jcasbin : g: _, _: [[role:xxx:admin, role:xxx:read], [role:xxx:admin, role:xxx:write], [role:xxx:admin, role:xxx:delete], [role:xxx:editor, role:xxx:read], [role:xxx:editor, role:xxx:write], [role:xxx:viewer, role:xxx:read]]
2023-10-14T15:03:33.648+02:00  INFO 15489 --- [main] org.casbin.jcasbin : Role links for: g
2023-10-14T15:03:33.652+02:00  INFO 15489 --- [main] org.casbin.jcasbin : casbin::default: role:xxx:editor < (role:xxx:write, role:xxx:read), role:xxx:admin < (role:xxx:write, role:xxx:delete, role:xxx:read), role:xxx:viewer < role:xxx:read
2023-10-14T15:03:34.695+02:00  WARN 15489 --- [main] org.springframework.boot.web.servlet.context.AnnotationConfigServletWebServerApplicationContext : Exception encountered during context initialization - cancelling refresh attempt: org.springframework.beans.factory.UnsatisfiedDependencyException: Error creating bean with name 'oauth2FilterChain' defined in class path resource [com/trodix/casbinserver/security/OAuth2ClientConfig.class]: Unsatisfied dependency expressed through method 'oauth2FilterChain' parameter 0: Error creating bean with name 'org.springframework.security.config.annotation.web.configuration.HttpSecurityConfiguration': Unsatisfied dependency expressed through method 'setContentNegotiationStrategy' parameter 0: Error creating bean with name 'org.springframework.boot.autoconfigure.web.servlet.WebMvcAutoConfiguration$EnableWebMvcConfiguration': Unsatisfied dependency expressed through method 'setConfigurers' parameter 0: Error creating bean with name 'org.springframework.security.config.annotation.web.configuration.OAuth2ClientConfiguration$OAuth2ClientWebMvcSecurityConfiguration': Unsatisfied dependency expressed through method 'setAuthorizedClientManager' parameter 0: Error creating bean with name 'authorizedClientManager' defined in class path resource [com/trodix/casbinserver/security/OAuth2ClientConfig.class]: Unsatisfied dependency expressed through method 'authorizedClientManager' parameter 0: No qualifying bean of type 'org.springframework.security.oauth2.client.registration.ClientRegistrationRepository' available: expected at least 1 bean which qualifies as autowire candidate. Dependency annotations: {}
2023-10-14T15:03:34.730+02:00  INFO 15489 --- [main] com.zaxxer.hikari.HikariDataSource : HikariPool-1 - Shutdown initiated...
2023-10-14T15:03:34.745+02:00  INFO 15489 --- [main] com.zaxxer.hikari.HikariDataSource : HikariPool-1 - Shutdown completed.
2023-10-14T15:03:34.780+02:00  INFO 15489 --- [main] org.apache.catalina.core.StandardService : Stopping service [Tomcat]
2023-10-14T15:03:34.875+02:00  INFO 15489 --- [main] org.springframework.boot.autoconfigure.logging.ConditionEvaluationReportLogger : 

Error starting ApplicationContext. To display the condition evaluation report re-run your application with 'debug' enabled.
2023-10-14T15:03:35.042+02:00 ERROR 15489 --- [main] org.springframework.boot.diagnostics.LoggingFailureAnalysisReporter : 

***************************
APPLICATION FAILED TO START
***************************

Description:

Parameter 0 of method authorizedClientManager in com.trodix.casbinserver.security.OAuth2ClientConfig required a bean of type 'org.springframework.security.oauth2.client.registration.ClientRegistrationRepository' that could not be found.


Action:

Consider defining a bean of type 'org.springframework.security.oauth2.client.registration.ClientRegistrationRepository' in your configuration.

2023-10-14T15:04:18.780+02:00  INFO 15736 --- [main] com.trodix.casbinserver.CasbinServerApplication : Starting CasbinServerApplication using Java 17.0.5 with PID 15736 (/media/DATA/workspace/DEV/casbin-server/target/classes started by sebastien in /media/DATA/workspace/DEV/casbin-server)
2023-10-14T15:04:18.787+02:00  INFO 15736 --- [main] com.trodix.casbinserver.CasbinServerApplication : The following 1 profile is active: "dev"
2023-10-14T15:04:37.870+02:00  INFO 15736 --- [main] org.springframework.boot.web.embedded.tomcat.TomcatWebServer : Tomcat initialized with port(s): 7015 (http)
2023-10-14T15:04:37.986+02:00  INFO 15736 --- [main] org.apache.catalina.core.StandardService : Starting service [Tomcat]
2023-10-14T15:04:37.987+02:00  INFO 15736 --- [main] org.apache.catalina.core.StandardEngine : Starting Servlet engine: [Apache Tomcat/10.1.13]
2023-10-14T15:04:38.631+02:00  INFO 15736 --- [main] org.apache.catalina.core.ContainerBase.[Tomcat].[localhost].[/] : Initializing Spring embedded WebApplicationContext
2023-10-14T15:04:38.632+02:00  INFO 15736 --- [main] org.springframework.boot.web.servlet.context.ServletWebServerApplicationContext : Root WebApplicationContext: initialization completed in 19470 ms
2023-10-14T15:04:39.798+02:00  INFO 15736 --- [main] com.zaxxer.hikari.HikariDataSource : HikariPool-1 - Starting...
2023-10-14T15:04:41.588+02:00  INFO 15736 --- [main] com.zaxxer.hikari.pool.HikariPool : HikariPool-1 - Added connection org.postgresql.jdbc.PgConnection@7c8874ef
2023-10-14T15:04:41.661+02:00  INFO 15736 --- [main] com.zaxxer.hikari.HikariDataSource : HikariPool-1 - Start completed.
2023-10-14T15:04:41.944+02:00  INFO 15736 --- [main] org.casbin.jcasbin : Model:
2023-10-14T15:04:41.944+02:00  INFO 15736 --- [main] org.casbin.jcasbin : p.p: sub, obj, act
2023-10-14T15:04:41.944+02:00  INFO 15736 --- [main] org.casbin.jcasbin : r.r: sub, obj, act
2023-10-14T15:04:41.945+02:00  INFO 15736 --- [main] org.casbin.jcasbin : e.e: some(where (p_eft == allow))
2023-10-14T15:04:41.945+02:00  INFO 15736 --- [main] org.casbin.jcasbin : g.g: _, _
2023-10-14T15:04:41.945+02:00  INFO 15736 --- [main] org.casbin.jcasbin : m.m: g(r_sub, p_sub) && r_obj == p_obj && r_act == p_act
2023-10-14T15:04:43.923+02:00  INFO 15736 --- [main] org.casbin.jcasbin : Policy:
2023-10-14T15:04:43.934+02:00  INFO 15736 --- [main] org.casbin.jcasbin : p: sub, obj, act: [[role:xxx:read, feature:xxx, READ], [role:xxx:write, feature:xxx, WRITE], [role:xxx:delete, feature:xxx, DELETE]]
2023-10-14T15:04:43.934+02:00  INFO 15736 --- [main] org.casbin.jcasbin : g: _, _: [[role:xxx:admin, role:xxx:read], [role:xxx:admin, role:xxx:write], [role:xxx:admin, role:xxx:delete], [role:xxx:editor, role:xxx:read], [role:xxx:editor, role:xxx:write], [role:xxx:viewer, role:xxx:read]]
2023-10-14T15:04:43.937+02:00  INFO 15736 --- [main] org.casbin.jcasbin : Role links for: g
2023-10-14T15:04:43.948+02:00  INFO 15736 --- [main] org.casbin.jcasbin : casbin::default: role:xxx:editor < (role:xxx:write, role:xxx:read), role:xxx:admin < (role:xxx:write, role:xxx:delete, role:xxx:read), role:xxx:viewer < role:xxx:read
2023-10-14T15:04:45.471+02:00  WARN 15736 --- [main] org.springframework.boot.web.servlet.context.AnnotationConfigServletWebServerApplicationContext : Exception encountered during context initialization - cancelling refresh attempt: org.springframework.beans.factory.UnsatisfiedDependencyException: Error creating bean with name 'oauth2FilterChain' defined in class path resource [com/trodix/casbinserver/security/OAuth2ClientConfig.class]: Unsatisfied dependency expressed through method 'oauth2FilterChain' parameter 0: Error creating bean with name 'org.springframework.security.config.annotation.web.configuration.HttpSecurityConfiguration': Unsatisfied dependency expressed through method 'setContentNegotiationStrategy' parameter 0: Error creating bean with name 'org.springframework.boot.autoconfigure.web.servlet.WebMvcAutoConfiguration$EnableWebMvcConfiguration': Unsatisfied dependency expressed through method 'setConfigurers' parameter 0: Error creating bean with name 'org.springframework.security.config.annotation.web.configuration.OAuth2ClientConfiguration$OAuth2ClientWebMvcSecurityConfiguration': Unsatisfied dependency expressed through method 'setAuthorizedClientManager' parameter 0: Error creating bean with name 'authorizedClientManager' defined in class path resource [com/trodix/casbinserver/security/OAuth2ClientConfig.class]: Unsatisfied dependency expressed through method 'authorizedClientManager' parameter 0: No qualifying bean of type 'org.springframework.security.oauth2.client.registration.ClientRegistrationRepository' available: expected at least 1 bean which qualifies as autowire candidate. Dependency annotations: {}
2023-10-14T15:04:45.489+02:00  INFO 15736 --- [main] com.zaxxer.hikari.HikariDataSource : HikariPool-1 - Shutdown initiated...
2023-10-14T15:04:45.505+02:00  INFO 15736 --- [main] com.zaxxer.hikari.HikariDataSource : HikariPool-1 - Shutdown completed.
2023-10-14T15:04:45.565+02:00  INFO 15736 --- [main] org.apache.catalina.core.StandardService : Stopping service [Tomcat]
2023-10-14T15:04:45.652+02:00  INFO 15736 --- [main] org.springframework.boot.autoconfigure.logging.ConditionEvaluationReportLogger : 

Error starting ApplicationContext. To display the condition evaluation report re-run your application with 'debug' enabled.
2023-10-14T15:04:46.050+02:00 ERROR 15736 --- [main] org.springframework.boot.diagnostics.LoggingFailureAnalysisReporter : 

***************************
APPLICATION FAILED TO START
***************************

Description:

Parameter 0 of method authorizedClientManager in com.trodix.casbinserver.security.OAuth2ClientConfig required a bean of type 'org.springframework.security.oauth2.client.registration.ClientRegistrationRepository' that could not be found.


Action:

Consider defining a bean of type 'org.springframework.security.oauth2.client.registration.ClientRegistrationRepository' in your configuration.

2023-10-14T15:08:43.090+02:00  INFO 16288 --- [main] com.trodix.casbinserver.CasbinServerApplication : Starting CasbinServerApplication using Java 17.0.5 with PID 16288 (/media/DATA/workspace/DEV/casbin-server/target/classes started by sebastien in /media/DATA/workspace/DEV/casbin-server)
2023-10-14T15:08:43.092+02:00  INFO 16288 --- [main] com.trodix.casbinserver.CasbinServerApplication : The following 1 profile is active: "dev"
2023-10-14T15:08:44.147+02:00  INFO 16288 --- [main] org.springframework.boot.web.embedded.tomcat.TomcatWebServer : Tomcat initialized with port(s): 7015 (http)
2023-10-14T15:08:44.154+02:00  INFO 16288 --- [main] org.apache.catalina.core.StandardService : Starting service [Tomcat]
2023-10-14T15:08:44.155+02:00  INFO 16288 --- [main] org.apache.catalina.core.StandardEngine : Starting Servlet engine: [Apache Tomcat/10.1.13]
2023-10-14T15:08:44.223+02:00  INFO 16288 --- [main] org.apache.catalina.core.ContainerBase.[Tomcat].[localhost].[/] : Initializing Spring embedded WebApplicationContext
2023-10-14T15:08:44.223+02:00  INFO 16288 --- [main] org.springframework.boot.web.servlet.context.ServletWebServerApplicationContext : Root WebApplicationContext: initialization completed in 1097 ms
2023-10-14T15:08:44.323+02:00  INFO 16288 --- [main] com.zaxxer.hikari.HikariDataSource : HikariPool-1 - Starting...
2023-10-14T15:08:44.507+02:00  INFO 16288 --- [main] com.zaxxer.hikari.pool.HikariPool : HikariPool-1 - Added connection org.postgresql.jdbc.PgConnection@7b96de8d
2023-10-14T15:08:44.509+02:00  INFO 16288 --- [main] com.zaxxer.hikari.HikariDataSource : HikariPool-1 - Start completed.
2023-10-14T15:08:44.539+02:00  INFO 16288 --- [main] org.casbin.jcasbin : Model:
2023-10-14T15:08:44.539+02:00  INFO 16288 --- [main] org.casbin.jcasbin : p.p: sub, obj, act
2023-10-14T15:08:44.539+02:00  INFO 16288 --- [main] org.casbin.jcasbin : r.r: sub, obj, act
2023-10-14T15:08:44.539+02:00  INFO 16288 --- [main] org.casbin.jcasbin : e.e: some(where (p_eft == allow))
2023-10-14T15:08:44.539+02:00  INFO 16288 --- [main] org.casbin.jcasbin : g.g: _, _
2023-10-14T15:08:44.539+02:00  INFO 16288 --- [main] org.casbin.jcasbin : m.m: g(r_sub, p_sub) && r_obj == p_obj && r_act == p_act
2023-10-14T15:08:44.640+02:00  INFO 16288 --- [main] org.casbin.jcasbin : Policy:
2023-10-14T15:08:44.640+02:00  INFO 16288 --- [main] org.casbin.jcasbin : p: sub, obj, act: [[role:xxx:read, feature:xxx, READ], [role:xxx:write, feature:xxx, WRITE], [role:xxx:delete, feature:xxx, DELETE]]
2023-10-14T15:08:44.640+02:00  INFO 16288 --- [main] org.casbin.jcasbin : g: _, _: [[role:xxx:admin, role:xxx:read], [role:xxx:admin, role:xxx:write], [role:xxx:admin, role:xxx:delete], [role:xxx:editor, role:xxx:read], [role:xxx:editor, role:xxx:write], [role:xxx:viewer, role:xxx:read]]
2023-10-14T15:08:44.641+02:00  INFO 16288 --- [main] org.casbin.jcasbin : Role links for: g
2023-10-14T15:08:44.642+02:00  INFO 16288 --- [main] org.casbin.jcasbin : casbin::default: role:xxx:editor < (role:xxx:write, role:xxx:read), role:xxx:admin < (role:xxx:write, role:xxx:delete, role:xxx:read), role:xxx:viewer < role:xxx:read
2023-10-14T15:08:45.098+02:00  WARN 16288 --- [main] org.springframework.boot.web.servlet.context.AnnotationConfigServletWebServerApplicationContext : Exception encountered during context initialization - cancelling refresh attempt: org.springframework.beans.factory.BeanCreationException: Error creating bean with name 'filterChain' defined in class path resource [com/trodix/casbinserver/security/WebSecurityConfig.class]: Failed to instantiate [org.springframework.security.web.SecurityFilterChain]: Factory method 'filterChain' threw exception with message: No qualifying bean of type 'org.springframework.security.oauth2.client.registration.ClientRegistrationRepository' available
2023-10-14T15:08:45.103+02:00  INFO 16288 --- [main] com.zaxxer.hikari.HikariDataSource : HikariPool-1 - Shutdown initiated...
2023-10-14T15:08:45.105+02:00  INFO 16288 --- [main] com.zaxxer.hikari.HikariDataSource : HikariPool-1 - Shutdown completed.
2023-10-14T15:08:45.208+02:00  INFO 16288 --- [main] org.apache.catalina.core.StandardService : Stopping service [Tomcat]
2023-10-14T15:08:45.243+02:00  INFO 16288 --- [main] org.springframework.boot.autoconfigure.logging.ConditionEvaluationReportLogger : 

Error starting ApplicationContext. To display the condition evaluation report re-run your application with 'debug' enabled.
2023-10-14T15:08:45.266+02:00 ERROR 16288 --- [main] org.springframework.boot.diagnostics.LoggingFailureAnalysisReporter : 

***************************
APPLICATION FAILED TO START
***************************

Description:

Method filterChain in com.trodix.casbinserver.security.WebSecurityConfig required a bean of type 'org.springframework.security.oauth2.client.registration.ClientRegistrationRepository' that could not be found.


Action:

Consider defining a bean of type 'org.springframework.security.oauth2.client.registration.ClientRegistrationRepository' in your configuration.

2023-10-14T15:10:23.791+02:00  INFO 16532 --- [main] com.trodix.casbinserver.CasbinServerApplication : Starting CasbinServerApplication using Java 17.0.5 with PID 16532 (/media/DATA/workspace/DEV/casbin-server/target/classes started by sebastien in /media/DATA/workspace/DEV/casbin-server)
2023-10-14T15:10:23.792+02:00  INFO 16532 --- [main] com.trodix.casbinserver.CasbinServerApplication : The following 1 profile is active: "dev"
2023-10-14T15:10:24.825+02:00  INFO 16532 --- [main] org.springframework.boot.web.embedded.tomcat.TomcatWebServer : Tomcat initialized with port(s): 7015 (http)
2023-10-14T15:10:24.833+02:00  INFO 16532 --- [main] org.apache.catalina.core.StandardService : Starting service [Tomcat]
2023-10-14T15:10:24.833+02:00  INFO 16532 --- [main] org.apache.catalina.core.StandardEngine : Starting Servlet engine: [Apache Tomcat/10.1.13]
2023-10-14T15:10:24.902+02:00  INFO 16532 --- [main] org.apache.catalina.core.ContainerBase.[Tomcat].[localhost].[/] : Initializing Spring embedded WebApplicationContext
2023-10-14T15:10:24.902+02:00  INFO 16532 --- [main] org.springframework.boot.web.servlet.context.ServletWebServerApplicationContext : Root WebApplicationContext: initialization completed in 1080 ms
2023-10-14T15:10:25.005+02:00  INFO 16532 --- [main] com.zaxxer.hikari.HikariDataSource : HikariPool-1 - Starting...
2023-10-14T15:10:25.194+02:00  INFO 16532 --- [main] com.zaxxer.hikari.pool.HikariPool : HikariPool-1 - Added connection org.postgresql.jdbc.PgConnection@34a20f16
2023-10-14T15:10:25.196+02:00  INFO 16532 --- [main] com.zaxxer.hikari.HikariDataSource : HikariPool-1 - Start completed.
2023-10-14T15:10:25.227+02:00  INFO 16532 --- [main] org.casbin.jcasbin : Model:
2023-10-14T15:10:25.227+02:00  INFO 16532 --- [main] org.casbin.jcasbin : p.p: sub, obj, act
2023-10-14T15:10:25.227+02:00  INFO 16532 --- [main] org.casbin.jcasbin : r.r: sub, obj, act
2023-10-14T15:10:25.227+02:00  INFO 16532 --- [main] org.casbin.jcasbin : e.e: some(where (p_eft == allow))
2023-10-14T15:10:25.227+02:00  INFO 16532 --- [main] org.casbin.jcasbin : g.g: _, _
2023-10-14T15:10:25.227+02:00  INFO 16532 --- [main] org.casbin.jcasbin : m.m: g(r_sub, p_sub) && r_obj == p_obj && r_act == p_act
2023-10-14T15:10:25.361+02:00  INFO 16532 --- [main] org.casbin.jcasbin : Policy:
2023-10-14T15:10:25.361+02:00  INFO 16532 --- [main] org.casbin.jcasbin : p: sub, obj, act: [[role:xxx:read, feature:xxx, READ], [role:xxx:write, feature:xxx, WRITE], [role:xxx:delete, feature:xxx, DELETE]]
2023-10-14T15:10:25.361+02:00  INFO 16532 --- [main] org.casbin.jcasbin : g: _, _: [[role:xxx:admin, role:xxx:read], [role:xxx:admin, role:xxx:write], [role:xxx:admin, role:xxx:delete], [role:xxx:editor, role:xxx:read], [role:xxx:editor, role:xxx:write], [role:xxx:viewer, role:xxx:read]]
2023-10-14T15:10:25.363+02:00  INFO 16532 --- [main] org.casbin.jcasbin : Role links for: g
2023-10-14T15:10:25.363+02:00  INFO 16532 --- [main] org.casbin.jcasbin : casbin::default: role:xxx:editor < (role:xxx:write, role:xxx:read), role:xxx:admin < (role:xxx:write, role:xxx:delete, role:xxx:read), role:xxx:viewer < role:xxx:read
2023-10-14T15:10:25.669+02:00  INFO 16532 --- [main] org.springframework.security.web.DefaultSecurityFilterChain : Will secure any request with [org.springframework.security.web.session.DisableEncodeUrlFilter@7eae55, org.springframework.security.web.context.request.async.WebAsyncManagerIntegrationFilter@5d84e363, org.springframework.security.web.context.SecurityContextHolderFilter@7bbdb220, org.springframework.security.web.header.HeaderWriterFilter@36e409e0, org.springframework.security.web.csrf.CsrfFilter@2ab8589a, org.springframework.security.web.authentication.logout.LogoutFilter@79604abe, org.springframework.security.oauth2.client.web.OAuth2AuthorizationRequestRedirectFilter@782cc5fa, org.springframework.security.web.savedrequest.RequestCacheAwareFilter@d120d7c, org.springframework.security.web.servletapi.SecurityContextHolderAwareRequestFilter@5ee77baf, org.springframework.security.web.authentication.AnonymousAuthenticationFilter@3ef0e576, org.springframework.security.oauth2.client.web.OAuth2AuthorizationCodeGrantFilter@563172d3, org.springframework.security.web.access.ExceptionTranslationFilter@57bdceaa]
2023-10-14T15:10:25.900+02:00  INFO 16532 --- [main] org.springframework.security.web.DefaultSecurityFilterChain : Will secure any request with [org.springframework.security.web.session.DisableEncodeUrlFilter@9f1ca74, org.springframework.security.web.context.request.async.WebAsyncManagerIntegrationFilter@67b8d45, org.springframework.security.web.context.SecurityContextHolderFilter@5f7cd50e, org.springframework.security.web.header.HeaderWriterFilter@f48a080, org.springframework.web.filter.CorsFilter@365e65bb, org.springframework.security.web.authentication.logout.LogoutFilter@7e1d8d41, org.springframework.security.oauth2.client.web.OAuth2AuthorizationRequestRedirectFilter@61c87f1b, org.springframework.security.oauth2.server.resource.web.authentication.BearerTokenAuthenticationFilter@42b4df5a, org.springframework.security.web.savedrequest.RequestCacheAwareFilter@401ec794, org.springframework.security.web.servletapi.SecurityContextHolderAwareRequestFilter@d76099a, org.springframework.security.web.authentication.AnonymousAuthenticationFilter@52f43225, org.springframework.security.oauth2.client.web.OAuth2AuthorizationCodeGrantFilter@1857fe6c, org.springframework.security.web.access.ExceptionTranslationFilter@1d3a03fe, org.springframework.security.web.access.intercept.AuthorizationFilter@4e2109fe]
2023-10-14T15:10:26.214+02:00  INFO 16532 --- [main] org.springframework.boot.web.embedded.tomcat.TomcatWebServer : Tomcat started on port(s): 7015 (http) with context path ''
2023-10-14T15:10:26.223+02:00  INFO 16532 --- [main] com.trodix.casbinserver.CasbinServerApplication : Started CasbinServerApplication in 3.355 seconds (process running for 3.748)
2023-10-14T15:12:42.159+02:00  INFO 16532 --- [SpringApplicationShutdownHook] com.zaxxer.hikari.HikariDataSource : HikariPool-1 - Shutdown initiated...
2023-10-14T15:12:42.161+02:00  INFO 16532 --- [SpringApplicationShutdownHook] com.zaxxer.hikari.HikariDataSource : HikariPool-1 - Shutdown completed.
2023-10-14T15:12:45.715+02:00  INFO 16829 --- [main] com.trodix.casbinserver.CasbinServerApplication : Starting CasbinServerApplication using Java 17.0.5 with PID 16829 (/media/DATA/workspace/DEV/casbin-server/target/classes started by sebastien in /media/DATA/workspace/DEV/casbin-server)
2023-10-14T15:12:45.717+02:00  INFO 16829 --- [main] com.trodix.casbinserver.CasbinServerApplication : The following 1 profile is active: "dev"
2023-10-14T15:12:46.810+02:00  INFO 16829 --- [main] org.springframework.boot.web.embedded.tomcat.TomcatWebServer : Tomcat initialized with port(s): 7015 (http)
2023-10-14T15:12:46.820+02:00  INFO 16829 --- [main] org.apache.catalina.core.StandardService : Starting service [Tomcat]
2023-10-14T15:12:46.820+02:00  INFO 16829 --- [main] org.apache.catalina.core.StandardEngine : Starting Servlet engine: [Apache Tomcat/10.1.13]
2023-10-14T15:12:46.885+02:00  INFO 16829 --- [main] org.apache.catalina.core.ContainerBase.[Tomcat].[localhost].[/] : Initializing Spring embedded WebApplicationContext
2023-10-14T15:12:46.886+02:00  INFO 16829 --- [main] org.springframework.boot.web.servlet.context.ServletWebServerApplicationContext : Root WebApplicationContext: initialization completed in 1134 ms
2023-10-14T15:12:46.987+02:00  INFO 16829 --- [main] com.zaxxer.hikari.HikariDataSource : HikariPool-1 - Starting...
2023-10-14T15:12:47.188+02:00  INFO 16829 --- [main] com.zaxxer.hikari.pool.HikariPool : HikariPool-1 - Added connection org.postgresql.jdbc.PgConnection@46f73ffa
2023-10-14T15:12:47.189+02:00  INFO 16829 --- [main] com.zaxxer.hikari.HikariDataSource : HikariPool-1 - Start completed.
2023-10-14T15:12:47.218+02:00  INFO 16829 --- [main] org.casbin.jcasbin : Model:
2023-10-14T15:12:47.219+02:00  INFO 16829 --- [main] org.casbin.jcasbin : p.p: sub, obj, act
2023-10-14T15:12:47.219+02:00  INFO 16829 --- [main] org.casbin.jcasbin : r.r: sub, obj, act
2023-10-14T15:12:47.219+02:00  INFO 16829 --- [main] org.casbin.jcasbin : e.e: some(where (p_eft == allow))
2023-10-14T15:12:47.219+02:00  INFO 16829 --- [main] org.casbin.jcasbin : g.g: _, _
2023-10-14T15:12:47.219+02:00  INFO 16829 --- [main] org.casbin.jcasbin : m.m: g(r_sub, p_sub) && r_obj == p_obj && r_act == p_act
2023-10-14T15:12:47.322+02:00  INFO 16829 --- [main] org.casbin.jcasbin : Policy:
2023-10-14T15:12:47.322+02:00  INFO 16829 --- [main] org.casbin.jcasbin : p: sub, obj, act: [[role:xxx:read, feature:xxx, READ], [role:xxx:write, feature:xxx, WRITE], [role:xxx:delete, feature:xxx, DELETE]]
2023-10-14T15:12:47.323+02:00  INFO 16829 --- [main] org.casbin.jcasbin : g: _, _: [[role:xxx:admin, role:xxx:read], [role:xxx:admin, role:xxx:write], [role:xxx:admin, role:xxx:delete], [role:xxx:editor, role:xxx:read], [role:xxx:editor, role:xxx:write], [role:xxx:viewer, role:xxx:read]]
2023-10-14T15:12:47.324+02:00  INFO 16829 --- [main] org.casbin.jcasbin : Role links for: g
2023-10-14T15:12:47.324+02:00  INFO 16829 --- [main] org.casbin.jcasbin : casbin::default: role:xxx:editor < (role:xxx:write, role:xxx:read), role:xxx:admin < (role:xxx:write, role:xxx:delete, role:xxx:read), role:xxx:viewer < role:xxx:read
2023-10-14T15:12:47.638+02:00  INFO 16829 --- [main] org.springframework.security.web.DefaultSecurityFilterChain : Will secure any request with [org.springframework.security.web.session.DisableEncodeUrlFilter@3316527e, org.springframework.security.web.context.request.async.WebAsyncManagerIntegrationFilter@786ff0ea, org.springframework.security.web.context.SecurityContextHolderFilter@521ba38f, org.springframework.security.web.header.HeaderWriterFilter@273aaab7, org.springframework.security.web.csrf.CsrfFilter@63553e9f, org.springframework.security.web.authentication.logout.LogoutFilter@563172d3, org.springframework.security.oauth2.client.web.OAuth2AuthorizationRequestRedirectFilter@7686f701, org.springframework.security.web.savedrequest.RequestCacheAwareFilter@b1d19ff, org.springframework.security.web.servletapi.SecurityContextHolderAwareRequestFilter@17c53dfb, org.springframework.security.web.authentication.AnonymousAuthenticationFilter@15186ce0, org.springframework.security.oauth2.client.web.OAuth2AuthorizationCodeGrantFilter@678586f0, org.springframework.security.web.access.ExceptionTranslationFilter@7adae08e]
2023-10-14T15:12:47.856+02:00  INFO 16829 --- [main] org.springframework.security.web.DefaultSecurityFilterChain : Will secure any request with [org.springframework.security.web.session.DisableEncodeUrlFilter@3e9fb485, org.springframework.security.web.context.request.async.WebAsyncManagerIntegrationFilter@4f3fec43, org.springframework.security.web.context.SecurityContextHolderFilter@34e990cc, org.springframework.security.web.header.HeaderWriterFilter@4315fe1b, org.springframework.web.filter.CorsFilter@38dbeb39, org.springframework.security.web.authentication.logout.LogoutFilter@35e75f7a, org.springframework.security.oauth2.client.web.OAuth2AuthorizationRequestRedirectFilter@1a5b7394, org.springframework.security.oauth2.server.resource.web.authentication.BearerTokenAuthenticationFilter@3982206a, org.springframework.security.web.savedrequest.RequestCacheAwareFilter@2d5ae78e, org.springframework.security.web.servletapi.SecurityContextHolderAwareRequestFilter@21f91efa, org.springframework.security.web.authentication.AnonymousAuthenticationFilter@10f20d38, org.springframework.security.oauth2.client.web.OAuth2AuthorizationCodeGrantFilter@26f75d9c, org.springframework.security.web.access.ExceptionTranslationFilter@1533338c, org.springframework.security.web.access.intercept.AuthorizationFilter@f76872f]
2023-10-14T15:12:48.166+02:00  INFO 16829 --- [main] org.springframework.boot.web.embedded.tomcat.TomcatWebServer : Tomcat started on port(s): 7015 (http) with context path ''
2023-10-14T15:12:48.174+02:00  INFO 16829 --- [main] com.trodix.casbinserver.CasbinServerApplication : Started CasbinServerApplication in 2.966 seconds (process running for 3.368)
2023-10-14T15:13:49.049+02:00  INFO 16829 --- [http-nio-7015-exec-2] org.apache.catalina.core.ContainerBase.[Tomcat].[localhost].[/] : Initializing Spring DispatcherServlet 'dispatcherServlet'
2023-10-14T15:13:49.058+02:00  INFO 16829 --- [http-nio-7015-exec-2] org.springframework.web.servlet.DispatcherServlet : Initializing Servlet 'dispatcherServlet'
2023-10-14T15:13:49.060+02:00  INFO 16829 --- [http-nio-7015-exec-2] org.springframework.web.servlet.DispatcherServlet : Completed initialization in 2 ms
